\BOOKMARK [0][-]{chapter*.2}{\376\377\000I\000n\000t\000r\000o\000d\000u\000c\000t\000i\000o\000n}{}% 1
\BOOKMARK [1][-]{section.0.1}{\376\377\000M\000o\000t\000i\000v\000a\000t\000i\000o\000n\000s}{chapter*.2}% 2
\BOOKMARK [1][-]{section.0.2}{\376\377\000L\000e\000\040\000r\000a\000p\000p\000o\000r\000t\000\040\000d\000e\000\040\000l\000'\000U\000T\000C}{chapter*.2}% 3
\BOOKMARK [1][-]{section.0.3}{\376\377\000L\000e\000\040\000t\000r\000a\000v\000a\000i\000l\000\040\000d\000e\000\040\000G\000r\000e\000e\000n\000s\000p\000e\000c\000t\000o\000r}{chapter*.2}% 4
\BOOKMARK [0][-]{chapter.1}{\376\377\000C\000a\000d\000r\000e\000\040\000d\000e\000\040\000n\000o\000t\000r\000e\000\040\000\351\000t\000u\000d\000e}{}% 5
\BOOKMARK [1][-]{section.1.1}{\376\377\000O\000b\000j\000e\000c\000t\000i\000f\000s}{chapter.1}% 6
\BOOKMARK [1][-]{section.1.2}{\376\377\000M\000a\000t\000\351\000r\000i\000e\000l}{chapter.1}% 7
\BOOKMARK [2][-]{subsection.1.2.1}{\376\377\000C\000l\000i\000e\000n\000t}{section.1.2}% 8
\BOOKMARK [2][-]{subsection.1.2.2}{\376\377\000S\000e\000r\000v\000e\000u\000r\000\040\000J\000i\000t\000s\000i}{section.1.2}% 9
\BOOKMARK [1][-]{section.1.3}{\376\377\000O\000u\000t\000i\000l\000s\000\040\000d\000e\000\040\000m\000e\000s\000u\000r\000e\000s}{chapter.1}% 10
\BOOKMARK [2][-]{subsection.1.3.1}{\376\377\000C\000a\000r\000b\000o\000n\000a\000n\000a\000l\000y\000s\000e\000r}{section.1.3}% 11
\BOOKMARK [2][-]{subsection.1.3.2}{\376\377\000M\000o\000n\000i\000t\000e\000u\000r\000\040\000s\000y\000s\000t\000\350\000m\000e\000\040\000G\000n\000o\000m\000e}{section.1.3}% 12
\BOOKMARK [2][-]{subsection.1.3.3}{\376\377\000i\000p\000t\000a\000b\000l\000e\000s}{section.1.3}% 13
\BOOKMARK [2][-]{subsection.1.3.4}{\376\377\000S\000c\000a\000p\000h\000a\000n\000d\000r\000e}{section.1.3}% 14
\BOOKMARK [0][-]{chapter.2}{\376\377\000R\000\351\000s\000u\000l\000t\000a\000t\000s}{}% 15
\BOOKMARK [1][-]{section.2.1}{\376\377\000C\000o\000n\000s\000o\000m\000m\000a\000t\000i\000o\000n\000\040\000d\040\031\000\351\000n\000e\000r\000g\000i\000e\000\040\000d\000e\000s\000\040\000a\000p\000p\000l\000i\000c\000a\000t\000i\000o\000n\000s\000\040\000d\000e\000\040\000v\000i\000s\000i\000o\000c\000o\000n\000f\000\351\000r\000e\000n\000c\000e}{chapter.2}% 16
\BOOKMARK [1][-]{section.2.2}{\376\377\000D\000o\000n\000n\000\351\000e\000s\000\040\000\351\000c\000h\000a\000n\000g\000\351\000e\000s\000\040\000d\000e\000s\000\040\000a\000p\000p\000l\000i\000c\000a\000t\000i\000o\000n\000s\000\040\000d\000e\000\040\000v\000i\000s\000i\000o\000c\000o\000n\000f\000\351\000r\000e\000n\000c\000e}{chapter.2}% 17
\BOOKMARK [1][-]{section.2.3}{\376\377\000I\000m\000p\000a\000c\000t\000\040\000c\000a\000r\000b\000o\000n\000e\000\040\000d\000e\000s\000\040\000a\000p\000p\000l\000i\000c\000a\000t\000i\000o\000n\000s\000\040\000d\000e\000\040\000v\000i\000s\000i\000o\000c\000o\000n\000f\000\351\000r\000e\000n\000c\000e\000\040\000\050\000g\000E\000q\000C\000O\0002\000\051}{chapter.2}% 18
\BOOKMARK [1][-]{section.2.4}{\376\377\000D\000u\000\040\000c\000\364\000t\000\351\000\040\000s\000e\000r\000v\000e\000u\000r}{chapter.2}% 19
\BOOKMARK [1][-]{section.2.5}{\376\377\000L\000i\000m\000i\000t\000e\000s}{chapter.2}% 20
\BOOKMARK [0][-]{chapter*.4}{\376\377\000C\000o\000n\000c\000l\000u\000s\000i\000o\000n}{}% 21
\BOOKMARK [0][-]{chapter*.5}{\376\377\000B\000i\000b\000l\000i\000o\000g\000r\000a\000p\000h\000i\000e}{}% 22
