This is XeTeX, Version 3.141592653-2.6-0.999993 (TeX Live 2021/W32TeX) (preloaded format=xelatex 2021.4.18)  22 APR 2021 08:01
entering extended mode
 restricted \write18 enabled.
 %&-line parsing enabled.
**main.tex
(./main.tex
LaTeX2e <2020-10-01> patch level 4
L3 programming layer <2021-02-18>
(c:/Users/ludam/progPerso/texlive/2021/texmf-dist/tex/latex/base/report.cls
Document Class: report 2020/04/10 v1.4m Standard LaTeX document class
(c:/Users/ludam/progPerso/texlive/2021/texmf-dist/tex/latex/base/size11.clo
File: size11.clo 2020/04/10 v1.4m Standard LaTeX file (size option)
)
\c@part=\count175
\c@chapter=\count176
\c@section=\count177
\c@subsection=\count178
\c@subsubsection=\count179
\c@paragraph=\count180
\c@subparagraph=\count181
\c@figure=\count182
\c@table=\count183
\abovecaptionskip=\skip47
\belowcaptionskip=\skip48
\bibindent=\dimen138
)
(c:/Users/ludam/progPerso/texlive/2021/texmf-dist/tex/generic/babel/babel.sty
Package: babel 2021/04/07 3.57 The Babel package

(c:/Users/ludam/progPerso/texlive/2021/texmf-dist/tex/generic/babel/babel.def
File: babel.def 2021/04/07 3.57 Babel common definitions
\babel@savecnt=\count184
\U@D=\dimen139
\l@babelnohyphens=\language13

(c:/Users/ludam/progPerso/texlive/2021/texmf-dist/tex/generic/babel/xebabel.def

(c:/Users/ludam/progPerso/texlive/2021/texmf-dist/tex/generic/babel/txtbabel.de
f))
\bbl@readstream=\read2
)
\bbl@dirlevel=\count185

(c:/Users/ludam/progPerso/texlive/2021/texmf-dist/tex/generic/babel-french/fren
ch.ldf
Language: french 2020/10/10 v3.5l French support from the babel system
Package babel Info: \l@acadian = using hyphenrules for french
(babel)             (\language9) on input line 91.
Package babel Info: \l@canadien = using hyphenrules for french
(babel)             (\language9) on input line 92.
\FB@nonchar=\count186
Package french.ldf Info: No need for active punctuation characters
(french.ldf)             with this version of XeTeX!
(french.ldf)             reported on input line 332.
\FB@punctthick=\XeTeXcharclass1
\FB@punctthin=\XeTeXcharclass2
\FB@punctnul=\XeTeXcharclass3
\FB@guilo=\XeTeXcharclass4
\FB@guilf=\XeTeXcharclass5
\FB@guilnul=\XeTeXcharclass6
\FBguill@level=\count187
\FBold@everypar=\toks15
\FB@Mht=\dimen140
\mc@charclass=\count188
\mc@charfam=\count189
\mc@charslot=\count190
\std@mcc=\count191
\dec@mcc=\count192
\listindentFB=\dimen141
\descindentFB=\dimen142
\labelindentFB=\dimen143
\labelwidthFB=\dimen144
\leftmarginFB=\dimen145
\parindentFFN=\dimen146
\FBfnindent=\dimen147
))
(c:/Users/ludam/progPerso/texlive/2021/texmf-dist/tex/latex/carlisle/scalefnt.s
ty)
(c:/Users/ludam/progPerso/texlive/2021/texmf-dist/tex/latex/graphics/keyval.sty
Package: keyval 2014/10/28 v1.15 key=value parser (DPC)
\KV@toks@=\toks16
) (c:/Users/ludam/progPerso/texlive/2021/texmf-dist/tex/latex/base/inputenc.sty
Package: inputenc 2020/08/01 v1.3d Input encoding file
\inpenc@prehook=\toks17
\inpenc@posthook=\toks18

Package inputenc Warning: inputenc package ignored with utf8 based engines.

) (c:/Users/ludam/progPerso/texlive/2021/texmf-dist/tex/latex/base/fontenc.sty
Package: fontenc 2020/08/10 v2.0s Standard LaTeX package
LaTeX Font Info:    Trying to load font information for T1+lmr on input line 11
2.

(c:/Users/ludam/progPerso/texlive/2021/texmf-dist/tex/latex/lm/t1lmr.fd
File: t1lmr.fd 2015/05/01 v1.6.1 Font defs for Latin Modern
))
(c:/Users/ludam/progPerso/texlive/2021/texmf-dist/tex/latex/listings/listings.s
ty
\lst@mode=\count193
\lst@gtempboxa=\box47
\lst@token=\toks19
\lst@length=\count194
\lst@currlwidth=\dimen148
\lst@column=\count195
\lst@pos=\count196
\lst@lostspace=\dimen149
\lst@width=\dimen150
\lst@newlines=\count197
\lst@lineno=\count198
\lst@maxwidth=\dimen151

(c:/Users/ludam/progPerso/texlive/2021/texmf-dist/tex/latex/listings/lstmisc.st
y
File: lstmisc.sty 2020/03/24 1.8d (Carsten Heinz)
\c@lstnumber=\count199
\lst@skipnumbers=\count266
\lst@framebox=\box48
)
(c:/Users/ludam/progPerso/texlive/2021/texmf-dist/tex/latex/listings/listings.c
fg
File: listings.cfg 2020/03/24 1.8d listings configuration
))
Package: listings 2020/03/24 1.8d (Carsten Heinz)

(c:/Users/ludam/progPerso/texlive/2021/texmf-dist/tex/latex/subfigure/subfigure
.sty
Package: subfigure 2002/03/15 v2.1.5 subfigure package
\subfigtopskip=\skip49
\subfigcapskip=\skip50
\subfigcaptopadj=\dimen152
\subfigbottomskip=\skip51
\subfigcapmargin=\dimen153
\subfiglabelskip=\skip52
\c@subfigure=\count267
\c@lofdepth=\count268
\c@subtable=\count269
\c@lotdepth=\count270

****************************************
* Local config file subfigure.cfg used *
****************************************

(c:/Users/ludam/progPerso/texlive/2021/texmf-dist/tex/latex/subfigure/subfigure
.cfg)
\subfig@top=\skip53
\subfig@bottom=\skip54
)
(c:/Users/ludam/progPerso/texlive/2021/texmf-dist/tex/latex/xcolor/xcolor.sty
Package: xcolor 2016/05/11 v2.12 LaTeX color extensions (UK)

(c:/Users/ludam/progPerso/texlive/2021/texmf-dist/tex/latex/graphics-cfg/color.
cfg
File: color.cfg 2016/01/02 v1.6 sample color configuration
)
Package xcolor Info: Driver file: xetex.def on input line 225.

(c:/Users/ludam/progPerso/texlive/2021/texmf-dist/tex/latex/graphics-def/xetex.
def
File: xetex.def 2021/03/18 v5.0k Graphics/color driver for xetex
)
Package xcolor Info: Model `cmy' substituted by `cmy0' on input line 1348.
Package xcolor Info: Model `RGB' extended on input line 1364.
Package xcolor Info: Model `HTML' substituted by `rgb' on input line 1366.
Package xcolor Info: Model `Hsb' substituted by `hsb' on input line 1367.
Package xcolor Info: Model `tHsb' substituted by `hsb' on input line 1368.
Package xcolor Info: Model `HSB' substituted by `hsb' on input line 1369.
Package xcolor Info: Model `Gray' substituted by `gray' on input line 1370.
Package xcolor Info: Model `wave' substituted by `hsb' on input line 1371.
) (./en-tete_Latex.tex
(c:/Users/ludam/progPerso/texlive/2021/texmf-dist/tex/latex/amsmath/amsmath.sty
Package: amsmath 2020/09/23 v2.17i AMS math features
\@mathmargin=\skip55
For additional information on amsmath, use the `?' option.

(c:/Users/ludam/progPerso/texlive/2021/texmf-dist/tex/latex/amsmath/amstext.sty
Package: amstext 2000/06/29 v2.01 AMS text
(c:/Users/ludam/progPerso/texlive/2021/texmf-dist/tex/latex/amsmath/amsgen.sty
File: amsgen.sty 1999/11/30 v2.0 generic functions
\@emptytoks=\toks20
\ex@=\dimen154
))
(c:/Users/ludam/progPerso/texlive/2021/texmf-dist/tex/latex/amsmath/amsbsy.sty
Package: amsbsy 1999/11/29 v1.2d Bold Symbols
\pmbraise@=\dimen155
) (c:/Users/ludam/progPerso/texlive/2021/texmf-dist/tex/latex/amsmath/amsopn.st
y
Package: amsopn 2016/03/08 v2.02 operator names
)
\inf@bad=\count271
LaTeX Info: Redefining \frac on input line 234.
\uproot@=\count272
\leftroot@=\count273
LaTeX Info: Redefining \overline on input line 399.
\classnum@=\count274
\DOTSCASE@=\count275
LaTeX Info: Redefining \ldots on input line 496.
LaTeX Info: Redefining \dots on input line 499.
LaTeX Info: Redefining \cdots on input line 620.
\Mathstrutbox@=\box49
\strutbox@=\box50
\big@size=\dimen156
LaTeX Font Info:    Redeclaring font encoding OML on input line 743.
LaTeX Font Info:    Redeclaring font encoding OMS on input line 744.
\macc@depth=\count276
\c@MaxMatrixCols=\count277
\dotsspace@=\muskip16
\c@parentequation=\count278
\dspbrk@lvl=\count279
\tag@help=\toks21
\row@=\count280
\column@=\count281
\maxfields@=\count282
\andhelp@=\toks22
\eqnshift@=\dimen157
\alignsep@=\dimen158
\tagshift@=\dimen159
\tagwidth@=\dimen160
\totwidth@=\dimen161
\lineht@=\dimen162
\@envbody=\toks23
\multlinegap=\skip56
\multlinetaggap=\skip57
\mathdisplay@stack=\toks24
LaTeX Info: Redefining \[ on input line 2923.
LaTeX Info: Redefining \] on input line 2924.
)
(c:/Users/ludam/progPerso/texlive/2021/texmf-dist/tex/latex/amsfonts/amsfonts.s
ty
Package: amsfonts 2013/01/14 v3.01 Basic AMSFonts support
\symAMSa=\mathgroup4
\symAMSb=\mathgroup5
LaTeX Font Info:    Redeclaring math symbol \hbar on input line 98.
LaTeX Font Info:    Overwriting math alphabet `\mathfrak' in version `bold'
(Font)                  U/euf/m/n --> U/euf/b/n on input line 106.
)
(c:/Users/ludam/progPerso/texlive/2021/texmf-dist/tex/latex/amsfonts/amssymb.st
y
Package: amssymb 2013/01/14 v3.01 AMS font symbols
)
(c:/Users/ludam/progPerso/texlive/2021/texmf-dist/tex/latex/amscls/amsthm.sty
Package: amsthm 2020/05/29 v2.20.6
\thm@style=\toks25
\thm@bodyfont=\toks26
\thm@headfont=\toks27
\thm@notefont=\toks28
\thm@headpunct=\toks29
\thm@preskip=\skip58
\thm@postskip=\skip59
\thm@headsep=\skip60
\dth@everypar=\toks30
)
(c:/Users/ludam/progPerso/texlive/2021/texmf-dist/tex/latex/stmaryrd/stmaryrd.s
ty
Package: stmaryrd 1994/03/03 St Mary's Road symbol package
\symstmry=\mathgroup6
LaTeX Font Info:    Overwriting symbol font `stmry' in version `bold'
(Font)                  U/stmry/m/n --> U/stmry/b/n on input line 89.
)
(c:/Users/ludam/progPerso/texlive/2021/texmf-dist/tex/latex/newtx/newtxmath.sty
Package: newtxmath 2021/03/27 v1.642

`newtxmath' v1.642, 2021/03/27 Math macros based originally on txfonts (msharpe
) (c:/Users/ludam/progPerso/texlive/2021/texmf-dist/tex/latex/base/ifthen.sty
Package: ifthen 2014/09/29 v1.1c Standard LaTeX ifthen package (DPC)
)
(c:/Users/ludam/progPerso/texlive/2021/texmf-dist/tex/latex/etoolbox/etoolbox.s
ty
Package: etoolbox 2020/10/05 v2.5k e-TeX tools for LaTeX (JAW)
\etb@tempcnta=\count283
)
(c:/Users/ludam/progPerso/texlive/2021/texmf-dist/tex/generic/iftex/ifxetex.sty
Package: ifxetex 2019/10/25 v0.7 ifxetex legacy package. Use iftex instead.
(c:/Users/ludam/progPerso/texlive/2021/texmf-dist/tex/generic/iftex/iftex.sty
Package: iftex 2020/03/06 v1.0d TeX engine tests
))
(c:/Users/ludam/progPerso/texlive/2021/texmf-dist/tex/generic/iftex/ifluatex.st
y
Package: ifluatex 2019/10/25 v1.5 ifluatex legacy package. Use iftex instead.
)
(c:/Users/ludam/progPerso/texlive/2021/texmf-dist/tex/latex/xkeyval/xkeyval.sty
Package: xkeyval 2020/11/20 v2.8 package option processing (HA)

(c:/Users/ludam/progPerso/texlive/2021/texmf-dist/tex/generic/xkeyval/xkeyval.t
ex
(c:/Users/ludam/progPerso/texlive/2021/texmf-dist/tex/generic/xkeyval/xkvutils.
tex
\XKV@toks=\toks31
\XKV@tempa@toks=\toks32
)
\XKV@depth=\count284
File: xkeyval.tex 2014/12/03 v2.7a key=value parser (HA)
))
(c:/Users/ludam/progPerso/texlive/2021/texmf-dist/tex/latex/oberdiek/centernot.
sty
Package: centernot 2016/05/16 v1.4 Centers the not symbol horizontally (HO)
)
\tx@cntz=\count285

(c:/Users/ludam/progPerso/texlive/2021/texmf-dist/tex/generic/kastrup/binhex.te
x)
\tx@Isdigit=\count286
\tx@IsAlNum=\count287
\tx@tA=\toks33
\tx@tB=\toks34
\tx@su=\read3
LaTeX Font Info:    Redeclaring symbol font `operators' on input line 360.
LaTeX Font Info:    Overwriting symbol font `operators' in version `normal'
(Font)                  OT1/cmr/m/n --> OT1/lmr/m/n on input line 360.
LaTeX Font Info:    Overwriting symbol font `operators' in version `bold'
(Font)                  OT1/cmr/bx/n --> OT1/lmr/m/n on input line 360.
LaTeX Font Info:    Overwriting symbol font `operators' in version `bold'
(Font)                  OT1/lmr/m/n --> OT1/lmr/b/n on input line 361.
LaTeX Font Info:    Redeclaring math alphabet \mathsf on input line 369.
LaTeX Font Info:    Overwriting math alphabet `\mathsf' in version `normal'
(Font)                  OT1/cmss/m/n --> T1/lmss/m/n on input line 369.
LaTeX Font Info:    Overwriting math alphabet `\mathsf' in version `bold'
(Font)                  OT1/cmss/bx/n --> T1/lmss/m/n on input line 369.
LaTeX Font Info:    Redeclaring math alphabet \mathit on input line 370.
LaTeX Font Info:    Overwriting math alphabet `\mathit' in version `normal'
(Font)                  OT1/cmr/m/it --> OT1/lmr/m/it on input line 370.
LaTeX Font Info:    Overwriting math alphabet `\mathit' in version `bold'
(Font)                  OT1/cmr/bx/it --> OT1/lmr/m/it on input line 370.
LaTeX Font Info:    Redeclaring math alphabet \mathtt on input line 371.
LaTeX Font Info:    Overwriting math alphabet `\mathtt' in version `normal'
(Font)                  OT1/cmtt/m/n --> T1/lmtt/m/n on input line 371.
LaTeX Font Info:    Overwriting math alphabet `\mathtt' in version `bold'
(Font)                  OT1/cmtt/m/n --> T1/lmtt/m/n on input line 371.
LaTeX Font Info:    Redeclaring math alphabet \mathbf on input line 373.
LaTeX Font Info:    Overwriting math alphabet `\mathbf' in version `normal'
(Font)                  OT1/cmr/bx/n --> OT1/lmr/b/n on input line 373.
LaTeX Font Info:    Overwriting math alphabet `\mathbf' in version `bold'
(Font)                  OT1/cmr/bx/n --> OT1/lmr/b/n on input line 373.
LaTeX Font Info:    Overwriting math alphabet `\mathit' in version `bold'
(Font)                  OT1/lmr/m/it --> OT1/lmr/b/it on input line 374.
LaTeX Font Info:    Overwriting math alphabet `\mathsf' in version `bold'
(Font)                  T1/lmss/m/n --> T1/lmss/b/n on input line 375.
LaTeX Font Info:    Overwriting math alphabet `\mathtt' in version `bold'
(Font)                  T1/lmtt/m/n --> T1/lmtt/b/n on input line 376.
LaTeX Font Info:    Redeclaring symbol font `letters' on input line 477.
LaTeX Font Info:    Overwriting symbol font `letters' in version `normal'
(Font)                  OML/cmm/m/it --> OML/ntxmi/m/it on input line 477.
LaTeX Font Info:    Overwriting symbol font `letters' in version `bold'
(Font)                  OML/cmm/b/it --> OML/ntxmi/m/it on input line 477.
LaTeX Font Info:    Overwriting symbol font `letters' in version `bold'
(Font)                  OML/ntxmi/m/it --> OML/ntxmi/b/it on input line 478.
\symlettersA=\mathgroup7
LaTeX Font Info:    Overwriting symbol font `lettersA' in version `bold'
(Font)                  U/ntxmia/m/it --> U/ntxmia/b/it on input line 533.
LaTeX Font Info:    Redeclaring math alphabet \mathfrak on input line 535.
LaTeX Font Info:    Redeclaring symbol font `symbols' on input line 554.
LaTeX Font Info:    Encoding `OMS' has changed to `LMS' for symbol font
(Font)              `symbols' in the math version `normal' on input line 554.
LaTeX Font Info:    Overwriting symbol font `symbols' in version `normal'
(Font)                  OMS/cmsy/m/n --> LMS/ntxsy/m/n on input line 554.
LaTeX Font Info:    Encoding `OMS' has changed to `LMS' for symbol font
(Font)              `symbols' in the math version `bold' on input line 554.
LaTeX Font Info:    Overwriting symbol font `symbols' in version `bold'
(Font)                  OMS/cmsy/b/n --> LMS/ntxsy/m/n on input line 554.
LaTeX Font Info:    Overwriting symbol font `symbols' in version `bold'
(Font)                  LMS/ntxsy/m/n --> LMS/ntxsy/b/n on input line 555.
\symAMSm=\mathgroup8
LaTeX Font Info:    Overwriting symbol font `AMSm' in version `bold'
(Font)                  U/ntxsym/m/n --> U/ntxsym/b/n on input line 578.
\symsymbolsC=\mathgroup9
LaTeX Font Info:    Overwriting symbol font `symbolsC' in version `bold'
(Font)                  U/ntxsyc/m/n --> U/ntxsyc/b/n on input line 599.
LaTeX Font Info:    Redeclaring symbol font `largesymbols' on input line 612.
LaTeX Font Info:    Encoding `OMX' has changed to `LMX' for symbol font
(Font)              `largesymbols' in the math version `normal' on input line 6
12.
LaTeX Font Info:    Overwriting symbol font `largesymbols' in version `normal'
(Font)                  OMX/cmex/m/n --> LMX/ntxexx/m/n on input line 612.
LaTeX Font Info:    Encoding `OMX' has changed to `LMX' for symbol font
(Font)              `largesymbols' in the math version `bold' on input line 612
.
LaTeX Font Info:    Overwriting symbol font `largesymbols' in version `bold'
(Font)                  OMX/cmex/m/n --> LMX/ntxexx/m/n on input line 612.
LaTeX Font Info:    Overwriting symbol font `largesymbols' in version `bold'
(Font)                  LMX/ntxexx/m/n --> LMX/ntxexx/b/n on input line 613.
\symlargesymbolsTXA=\mathgroup10
LaTeX Font Info:    Overwriting symbol font `largesymbolsTXA' in version `bold'

(Font)                  U/ntxexa/m/n --> U/ntxexa/b/n on input line 627.
\tx@sbptoks=\toks35
LaTeX Font Info:    Redeclaring math delimiter \lfloor on input line 850.
LaTeX Font Info:    Redeclaring math delimiter \rfloor on input line 851.
LaTeX Font Info:    Redeclaring math delimiter \lceil on input line 852.
LaTeX Font Info:    Redeclaring math delimiter \rceil on input line 853.
LaTeX Font Info:    Redeclaring math delimiter \lbrace on input line 854.
LaTeX Font Info:    Redeclaring math delimiter \rbrace on input line 855.
LaTeX Font Info:    Redeclaring math delimiter \langle on input line 856.
LaTeX Font Info:    Redeclaring math delimiter \rangle on input line 858.
LaTeX Font Info:    Redeclaring math delimiter \arrowvert on input line 862.
LaTeX Font Info:    Redeclaring math delimiter \vert on input line 863.
LaTeX Font Info:    Redeclaring math accent \dot on input line 934.
LaTeX Font Info:    Redeclaring math accent \ddot on input line 935.
LaTeX Font Info:    Redeclaring math accent \vec on input line 1998.
LaTeX Info: Redefining \Bbbk on input line 2786.
LaTeX Info: Redefining \not on input line 2935.
LaTeX Info: Redefining \textsquare on input line 2965.
LaTeX Info: Redefining \openbox on input line 2967.
)
(c:/Users/ludam/progPerso/texlive/2021/texmf-dist/tex/latex/sourceserifpro/sour
ceserifpro.sty
Package: sourceserifpro 2018/11/10 v1.4 Adobe's Source Serif Pro typeface

(c:/Users/ludam/progPerso/texlive/2021/texmf-dist/tex/latex/fontspec/fontspec.s
ty
(c:/Users/ludam/progPerso/texlive/2021/texmf-dist/tex/latex/l3packages/xparse/x
parse.sty
(c:/Users/ludam/progPerso/texlive/2021/texmf-dist/tex/latex/l3kernel/expl3.sty
Package: expl3 2021-02-18 L3 programming layer (loader) 

(c:/Users/ludam/progPerso/texlive/2021/texmf-dist/tex/latex/l3backend/l3backend
-xetex.def
File: l3backend-xetex.def 2021-03-18 L3 backend support: XeTeX
 (|extractbb --version)
\c__kernel_sys_dvipdfmx_version_int=\count288
\l__color_backend_stack_int=\count289
\g__color_backend_stack_int=\count290
\g__graphics_track_int=\count291
\l__pdf_internal_box=\box51
\g__pdf_backend_object_int=\count292
\g__pdf_backend_annotation_int=\count293
\g__pdf_backend_link_int=\count294
))
(c:/Users/ludam/progPerso/texlive/2021/texmf-dist/tex/latex/l3packages/xparse/x
parse-2020-10-01.sty
(c:/Users/ludam/progPerso/texlive/2021/texmf-dist/tex/latex/l3packages/xparse/x
parse-generic.tex)))
Package: fontspec 2020/02/21 v2.7i Font selection for XeLaTeX and LuaLaTeX

(c:/Users/ludam/progPerso/texlive/2021/texmf-dist/tex/latex/fontspec/fontspec-x
etex.sty
Package: fontspec-xetex 2020/02/21 v2.7i Font selection for XeLaTeX and LuaLaTe
X
\l__fontspec_script_int=\count295
\l__fontspec_language_int=\count296
\l__fontspec_strnum_int=\count297
\l__fontspec_tmp_int=\count298
\l__fontspec_tmpa_int=\count299
\l__fontspec_tmpb_int=\count300
\l__fontspec_tmpc_int=\count301
\l__fontspec_em_int=\count302
\l__fontspec_emdef_int=\count303
\l__fontspec_strong_int=\count304
\l__fontspec_strongdef_int=\count305
\l__fontspec_tmpa_dim=\dimen163
\l__fontspec_tmpb_dim=\dimen164
\l__fontspec_tmpc_dim=\dimen165

(c:/Users/ludam/progPerso/texlive/2021/texmf-dist/tex/latex/base/fontenc.sty
Package: fontenc 2020/08/10 v2.0s Standard LaTeX package
)
(c:/Users/ludam/progPerso/texlive/2021/texmf-dist/tex/latex/fontspec/fontspec.c
fg)))

Package fontspec Info: Font family 'SourceSerifPro(0)' created for font
(fontspec)             'SourceSerifPro' with options [Ligatures = TeX,Numbers
(fontspec)             = {Proportional, },Scale = 1,Extension =
(fontspec)             .otf,Ligatures=TeX,UprightFont = *-Regular,ItalicFont =
(fontspec)             *-RegularIt,BoldFont = *-Bold,BoldItalicFont =
(fontspec)             *-BoldIt].
(fontspec)              
(fontspec)              This font family consists of the following NFSS
(fontspec)             series/shapes:
(fontspec)              
(fontspec)             - 'normal' (m/n) with NFSS spec.:
(fontspec)             <->s*[1]"[SourceSerifPro-Regular.otf]/OT:script=latn;lan
guage=dflt;+pnum;mapping=tex-text;"
(fontspec)             - 'small caps'  (m/sc) with NFSS spec.:
(fontspec)             <->s*[1]"[SourceSerifPro-Regular.otf]/OT:script=latn;lan
guage=dflt;+pnum;+smcp;mapping=tex-text;"
(fontspec)             - 'bold' (b/n) with NFSS spec.:
(fontspec)             <->s*[1]"[SourceSerifPro-Bold.otf]/OT:script=latn;langua
ge=dflt;+pnum;mapping=tex-text;"
(fontspec)             - 'bold small caps'  (b/sc) with NFSS spec.:
(fontspec)             <->s*[1]"[SourceSerifPro-Bold.otf]/OT:script=latn;langua
ge=dflt;+pnum;+smcp;mapping=tex-text;"
(fontspec)             - 'italic' (m/it) with NFSS spec.:
(fontspec)             <->s*[1]"[SourceSerifPro-RegularIt.otf]/OT:script=latn;l
anguage=dflt;+pnum;mapping=tex-text;"
(fontspec)             - 'italic small caps'  (m/scit) with NFSS spec.: 
(fontspec)             - 'bold italic' (b/it) with NFSS spec.:
(fontspec)             <->s*[1]"[SourceSerifPro-BoldIt.otf]/OT:script=latn;lang
uage=dflt;+pnum;mapping=tex-text;"
(fontspec)             - 'bold italic small caps'  (b/scit) with NFSS spec.: 

LaTeX Font Info:    Font shape `TU/SourceSerifPro(0)/m/n' will be
(Font)              scaled to size 10.95pt on input line 120.

Package fontspec Info: Font family 'SourceSerifPro(1)' created for font
(fontspec)             'SourceSerifPro' with options [Ligatures = TeX,Numbers
(fontspec)             = {Proportional, },Scale = 1,Extension =
(fontspec)             .otf,UprightFont = *-Regular,ItalicFont =
(fontspec)             *-RegularIt,BoldFont = *-Bold,BoldItalicFont =
(fontspec)             *-BoldIt].
(fontspec)              
(fontspec)              This font family consists of the following NFSS
(fontspec)             series/shapes:
(fontspec)              
(fontspec)             - 'normal' (m/n) with NFSS spec.:
(fontspec)             <->s*[1]"[SourceSerifPro-Regular.otf]/OT:script=latn;lan
guage=dflt;+pnum;mapping=tex-text;"
(fontspec)             - 'small caps'  (m/sc) with NFSS spec.:
(fontspec)             <->s*[1]"[SourceSerifPro-Regular.otf]/OT:script=latn;lan
guage=dflt;+pnum;+smcp;mapping=tex-text;"
(fontspec)             - 'bold' (b/n) with NFSS spec.:
(fontspec)             <->s*[1]"[SourceSerifPro-Bold.otf]/OT:script=latn;langua
ge=dflt;+pnum;mapping=tex-text;"
(fontspec)             - 'bold small caps'  (b/sc) with NFSS spec.:
(fontspec)             <->s*[1]"[SourceSerifPro-Bold.otf]/OT:script=latn;langua
ge=dflt;+pnum;+smcp;mapping=tex-text;"
(fontspec)             - 'italic' (m/it) with NFSS spec.:
(fontspec)             <->s*[1]"[SourceSerifPro-RegularIt.otf]/OT:script=latn;l
anguage=dflt;+pnum;mapping=tex-text;"
(fontspec)             - 'italic small caps'  (m/scit) with NFSS spec.: 
(fontspec)             - 'bold italic' (b/it) with NFSS spec.:
(fontspec)             <->s*[1]"[SourceSerifPro-BoldIt.otf]/OT:script=latn;lang
uage=dflt;+pnum;mapping=tex-text;"
(fontspec)             - 'bold italic small caps'  (b/scit) with NFSS spec.: 


Package fontspec Info: Font family 'SourceSerifPro(2)' created for font
(fontspec)             'SourceSerifPro' with options [Ligatures = TeX,Numbers
(fontspec)             = {Proportional, },Scale = 1,Extension =
(fontspec)             .otf,UprightFont = *-Light,ItalicFont =
(fontspec)             *-LightIt,BoldFont = *-Semibold,BoldItalicFont =
(fontspec)             *-SemiboldIt].
(fontspec)              
(fontspec)              This font family consists of the following NFSS
(fontspec)             series/shapes:
(fontspec)              
(fontspec)             - 'normal' (m/n) with NFSS spec.:
(fontspec)             <->s*[1]"[SourceSerifPro-Light.otf]/OT:script=latn;langu
age=dflt;+pnum;mapping=tex-text;"
(fontspec)             - 'small caps'  (m/sc) with NFSS spec.:
(fontspec)             <->s*[1]"[SourceSerifPro-Light.otf]/OT:script=latn;langu
age=dflt;+pnum;+smcp;mapping=tex-text;"
(fontspec)             - 'bold' (b/n) with NFSS spec.:
(fontspec)             <->s*[1]"[SourceSerifPro-Semibold.otf]/OT:script=latn;la
nguage=dflt;+pnum;mapping=tex-text;"
(fontspec)             - 'bold small caps'  (b/sc) with NFSS spec.:
(fontspec)             <->s*[1]"[SourceSerifPro-Semibold.otf]/OT:script=latn;la
nguage=dflt;+pnum;+smcp;mapping=tex-text;"
(fontspec)             - 'italic' (m/it) with NFSS spec.:
(fontspec)             <->s*[1]"[SourceSerifPro-LightIt.otf]/OT:script=latn;lan
guage=dflt;+pnum;mapping=tex-text;"
(fontspec)             - 'italic small caps'  (m/scit) with NFSS spec.: 
(fontspec)             - 'bold italic' (b/it) with NFSS spec.:
(fontspec)             <->s*[1]"[SourceSerifPro-SemiboldIt.otf]/OT:script=latn;
language=dflt;+pnum;mapping=tex-text;"
(fontspec)             - 'bold italic small caps'  (b/scit) with NFSS spec.: 


Package fontspec Info: Font family 'SourceSerifPro(3)' created for font
(fontspec)             'SourceSerifPro' with options [Ligatures = TeX,Numbers
(fontspec)             = {Proportional, },Scale = 1,Extension =
(fontspec)             .otf,UprightFont = *-ExtraLight,ItalicFont =
(fontspec)             *-ExtraLightIt,BoldFont = *-Black,BoldItalicFont =
(fontspec)             *-BlackIt].
(fontspec)              
(fontspec)              This font family consists of the following NFSS
(fontspec)             series/shapes:
(fontspec)              
(fontspec)             - 'normal' (m/n) with NFSS spec.:
(fontspec)             <->s*[1]"[SourceSerifPro-ExtraLight.otf]/OT:script=latn;
language=dflt;+pnum;mapping=tex-text;"
(fontspec)             - 'small caps'  (m/sc) with NFSS spec.:
(fontspec)             <->s*[1]"[SourceSerifPro-ExtraLight.otf]/OT:script=latn;
language=dflt;+pnum;+smcp;mapping=tex-text;"
(fontspec)             - 'bold' (b/n) with NFSS spec.:
(fontspec)             <->s*[1]"[SourceSerifPro-Black.otf]/OT:script=latn;langu
age=dflt;+pnum;mapping=tex-text;"
(fontspec)             - 'bold small caps'  (b/sc) with NFSS spec.:
(fontspec)             <->s*[1]"[SourceSerifPro-Black.otf]/OT:script=latn;langu
age=dflt;+pnum;+smcp;mapping=tex-text;"
(fontspec)             - 'italic' (m/it) with NFSS spec.:
(fontspec)             <->s*[1]"[SourceSerifPro-ExtraLightIt.otf]/OT:script=lat
n;language=dflt;+pnum;mapping=tex-text;"
(fontspec)             - 'italic small caps'  (m/scit) with NFSS spec.: 
(fontspec)             - 'bold italic' (b/it) with NFSS spec.:
(fontspec)             <->s*[1]"[SourceSerifPro-BlackIt.otf]/OT:script=latn;lan
guage=dflt;+pnum;mapping=tex-text;"
(fontspec)             - 'bold italic small caps'  (b/scit) with NFSS spec.: 


Package fontspec Info: Font family 'SourceSerifPro(4)' created for font
(fontspec)             'SourceSerifPro' with options [Ligatures = TeX,Numbers
(fontspec)             = {Proportional, },Scale = 1,Extension = .otf,Numbers =
(fontspec)             Proportional,UprightFont = *-Regular,ItalicFont =
(fontspec)             *-RegularIt,BoldFont = *-Bold,BoldItalicFont =
(fontspec)             *-BoldIt].
(fontspec)              
(fontspec)              This font family consists of the following NFSS
(fontspec)             series/shapes:
(fontspec)              
(fontspec)             - 'normal' (m/n) with NFSS spec.:
(fontspec)             <->s*[1]"[SourceSerifPro-Regular.otf]/OT:script=latn;lan
guage=dflt;+pnum;mapping=tex-text;"
(fontspec)             - 'small caps'  (m/sc) with NFSS spec.:
(fontspec)             <->s*[1]"[SourceSerifPro-Regular.otf]/OT:script=latn;lan
guage=dflt;+pnum;+smcp;mapping=tex-text;"
(fontspec)             - 'bold' (b/n) with NFSS spec.:
(fontspec)             <->s*[1]"[SourceSerifPro-Bold.otf]/OT:script=latn;langua
ge=dflt;+pnum;mapping=tex-text;"
(fontspec)             - 'bold small caps'  (b/sc) with NFSS spec.:
(fontspec)             <->s*[1]"[SourceSerifPro-Bold.otf]/OT:script=latn;langua
ge=dflt;+pnum;+smcp;mapping=tex-text;"
(fontspec)             - 'italic' (m/it) with NFSS spec.:
(fontspec)             <->s*[1]"[SourceSerifPro-RegularIt.otf]/OT:script=latn;l
anguage=dflt;+pnum;mapping=tex-text;"
(fontspec)             - 'italic small caps'  (m/scit) with NFSS spec.: 
(fontspec)             - 'bold italic' (b/it) with NFSS spec.:
(fontspec)             <->s*[1]"[SourceSerifPro-BoldIt.otf]/OT:script=latn;lang
uage=dflt;+pnum;mapping=tex-text;"
(fontspec)             - 'bold italic small caps'  (b/scit) with NFSS spec.: 

)
(c:/Users/ludam/progPerso/texlive/2021/texmf-dist/tex/latex/tools/multicol.sty
Package: multicol 2019/12/09 v1.8y multicolumn formatting (FMi)
\c@tracingmulticols=\count306
\mult@box=\box52
\multicol@leftmargin=\dimen166
\c@unbalance=\count307
\c@collectmore=\count308
\doublecol@number=\count309
\multicoltolerance=\count310
\multicolpretolerance=\count311
\full@width=\dimen167
\page@free=\dimen168
\premulticols=\dimen169
\postmulticols=\dimen170
\multicolsep=\skip61
\multicolbaselineskip=\skip62
\partial@page=\box53
\last@line=\box54
\maxbalancingoverflow=\dimen171
\mult@rightbox=\box55
\mult@grightbox=\box56
\mult@gfirstbox=\box57
\mult@firstbox=\box58
\@tempa=\box59
\@tempa=\box60
\@tempa=\box61
\@tempa=\box62
\@tempa=\box63
\@tempa=\box64
\@tempa=\box65
\@tempa=\box66
\@tempa=\box67
\@tempa=\box68
\@tempa=\box69
\@tempa=\box70
\@tempa=\box71
\@tempa=\box72
\@tempa=\box73
\@tempa=\box74
\@tempa=\box75
\@tempa=\box76
\@tempa=\box77
\@tempa=\box78
\@tempa=\box79
\@tempa=\box80
\@tempa=\box81
\@tempa=\box82
\@tempa=\box83
\@tempa=\box84
\@tempa=\box85
\@tempa=\box86
\@tempa=\box87
\@tempa=\box88
\@tempa=\box89
\@tempa=\box90
\@tempa=\box91
\@tempa=\box92
\@tempa=\box93
\@tempa=\box94
\@tempa=\box95
\c@minrows=\count312
\c@columnbadness=\count313
\c@finalcolumnbadness=\count314
\last@try=\dimen172
\multicolovershoot=\dimen173
\multicolundershoot=\dimen174
\mult@nat@firstbox=\box96
\colbreak@box=\box97
\mc@col@check@num=\count315
)
(c:/Users/ludam/progPerso/texlive/2021/texmf-dist/tex/latex/hyperref/hyperref.s
ty
Package: hyperref 2021-02-27 v7.00k Hypertext links for LaTeX

(c:/Users/ludam/progPerso/texlive/2021/texmf-dist/tex/generic/ltxcmds/ltxcmds.s
ty
Package: ltxcmds 2020-05-10 v1.25 LaTeX kernel commands for general use (HO)
)
(c:/Users/ludam/progPerso/texlive/2021/texmf-dist/tex/generic/pdftexcmds/pdftex
cmds.sty
Package: pdftexcmds 2020-06-27 v0.33 Utility functions of pdfTeX for LuaTeX (HO
)

(c:/Users/ludam/progPerso/texlive/2021/texmf-dist/tex/generic/infwarerr/infware
rr.sty
Package: infwarerr 2019/12/03 v1.5 Providing info/warning/error messages (HO)
)
Package pdftexcmds Info: \pdf@primitive is available.
Package pdftexcmds Info: \pdf@ifprimitive is available.
Package pdftexcmds Info: \pdfdraftmode not found.
)
(c:/Users/ludam/progPerso/texlive/2021/texmf-dist/tex/generic/kvsetkeys/kvsetke
ys.sty
Package: kvsetkeys 2019/12/15 v1.18 Key value parser (HO)
)
(c:/Users/ludam/progPerso/texlive/2021/texmf-dist/tex/generic/kvdefinekeys/kvde
finekeys.sty
Package: kvdefinekeys 2019-12-19 v1.6 Define keys (HO)
)
(c:/Users/ludam/progPerso/texlive/2021/texmf-dist/tex/generic/pdfescape/pdfesca
pe.sty
Package: pdfescape 2019/12/09 v1.15 Implements pdfTeX's escape features (HO)
)
(c:/Users/ludam/progPerso/texlive/2021/texmf-dist/tex/latex/hycolor/hycolor.sty
Package: hycolor 2020-01-27 v1.10 Color options for hyperref/bookmark (HO)
)
(c:/Users/ludam/progPerso/texlive/2021/texmf-dist/tex/latex/letltxmacro/letltxm
acro.sty
Package: letltxmacro 2019/12/03 v1.6 Let assignment for LaTeX macros (HO)
)
(c:/Users/ludam/progPerso/texlive/2021/texmf-dist/tex/latex/auxhook/auxhook.sty
Package: auxhook 2019-12-17 v1.6 Hooks for auxiliary files (HO)
)
(c:/Users/ludam/progPerso/texlive/2021/texmf-dist/tex/latex/kvoptions/kvoptions
.sty
Package: kvoptions 2020-10-07 v3.14 Key value format for package options (HO)
)
\@linkdim=\dimen175
\Hy@linkcounter=\count316
\Hy@pagecounter=\count317

(c:/Users/ludam/progPerso/texlive/2021/texmf-dist/tex/latex/hyperref/pd1enc.def
File: pd1enc.def 2021-02-27 v7.00k Hyperref: PDFDocEncoding definition (HO)
)
(c:/Users/ludam/progPerso/texlive/2021/texmf-dist/tex/latex/hyperref/hyperref-l
angpatches.def
File: hyperref-langpatches.def 2021-02-27 v7.00k Hyperref: patches for babel la
nguages
)
(c:/Users/ludam/progPerso/texlive/2021/texmf-dist/tex/generic/intcalc/intcalc.s
ty
Package: intcalc 2019/12/15 v1.3 Expandable calculations with integers (HO)
)
(c:/Users/ludam/progPerso/texlive/2021/texmf-dist/tex/generic/etexcmds/etexcmds
.sty
Package: etexcmds 2019/12/15 v1.7 Avoid name clashes with e-TeX commands (HO)
)
\Hy@SavedSpaceFactor=\count318

(c:/Users/ludam/progPerso/texlive/2021/texmf-dist/tex/latex/hyperref/puenc.def
File: puenc.def 2021-02-27 v7.00k Hyperref: PDF Unicode definition (HO)
)
Package hyperref Info: Hyper figures OFF on input line 4192.
Package hyperref Info: Link nesting OFF on input line 4197.
Package hyperref Info: Hyper index ON on input line 4200.
Package hyperref Info: Plain pages OFF on input line 4207.
Package hyperref Info: Backreferencing OFF on input line 4212.
Package hyperref Info: Implicit mode ON; LaTeX internals redefined.
Package hyperref Info: Bookmarks ON on input line 4445.
\c@Hy@tempcnt=\count319
(c:/Users/ludam/progPerso/texlive/2021/texmf-dist/tex/latex/url/url.sty
\Urlmuskip=\muskip17
Package: url 2013/09/16  ver 3.4  Verb mode for urls, etc.
)
LaTeX Info: Redefining \url on input line 4804.
\XeTeXLinkMargin=\dimen176

(c:/Users/ludam/progPerso/texlive/2021/texmf-dist/tex/generic/bitset/bitset.sty
Package: bitset 2019/12/09 v1.3 Handle bit-vector datatype (HO)

(c:/Users/ludam/progPerso/texlive/2021/texmf-dist/tex/generic/bigintcalc/bigint
calc.sty
Package: bigintcalc 2019/12/15 v1.5 Expandable calculations on big integers (HO
)
))
\Fld@menulength=\count320
\Field@Width=\dimen177
\Fld@charsize=\dimen178
Package hyperref Info: Hyper figures OFF on input line 6075.
Package hyperref Info: Link nesting OFF on input line 6080.
Package hyperref Info: Hyper index ON on input line 6083.
Package hyperref Info: backreferencing OFF on input line 6090.
Package hyperref Info: Link coloring OFF on input line 6095.
Package hyperref Info: Link coloring with OCG OFF on input line 6100.
Package hyperref Info: PDF/A mode OFF on input line 6105.
LaTeX Info: Redefining \ref on input line 6145.
LaTeX Info: Redefining \pageref on input line 6149.

(c:/Users/ludam/progPerso/texlive/2021/texmf-dist/tex/latex/base/atbegshi-ltx.s
ty
Package: atbegshi-ltx 2020/08/17 v1.0a Emulation of the original atbegshi packa
ge
with kernel methods
)
\Hy@abspage=\count321
\c@Item=\count322
\c@Hfootnote=\count323
)
Package hyperref Info: Driver (autodetected): hxetex.

(c:/Users/ludam/progPerso/texlive/2021/texmf-dist/tex/latex/hyperref/hxetex.def
File: hxetex.def 2021-02-27 v7.00k Hyperref driver for XeTeX

(c:/Users/ludam/progPerso/texlive/2021/texmf-dist/tex/generic/stringenc/stringe
nc.sty
Package: stringenc 2019/11/29 v1.12 Convert strings between diff. encodings (HO
)
)
\pdfm@box=\box98
\c@Hy@AnnotLevel=\count324
\HyField@AnnotCount=\count325
\Fld@listcount=\count326
\c@bookmark@seq@number=\count327

(c:/Users/ludam/progPerso/texlive/2021/texmf-dist/tex/latex/rerunfilecheck/reru
nfilecheck.sty
Package: rerunfilecheck 2019/12/05 v1.9 Rerun checks for auxiliary files (HO)

(c:/Users/ludam/progPerso/texlive/2021/texmf-dist/tex/latex/base/atveryend-ltx.
sty
Package: atveryend-ltx 2020/08/19 v1.0a Emulation of the original atvery packag
e
with kernel methods
)
(c:/Users/ludam/progPerso/texlive/2021/texmf-dist/tex/generic/uniquecounter/uni
quecounter.sty
Package: uniquecounter 2019/12/15 v1.4 Provide unlimited unique counter (HO)
)
Package uniquecounter Info: New unique counter `rerunfilecheck' on input line 2
86.
)
\Hy@SectionHShift=\skip63
)
(c:/Users/ludam/progPerso/texlive/2021/texmf-dist/tex/latex/fancyhdr/fancyhdr.s
ty
Package: fancyhdr 2021/01/28 v4.0.1 Extensive control of page headers and foote
rs
\f@nch@headwidth=\skip64
\f@nch@O@elh=\skip65
\f@nch@O@erh=\skip66
\f@nch@O@olh=\skip67
\f@nch@O@orh=\skip68
\f@nch@O@elf=\skip69
\f@nch@O@erf=\skip70
\f@nch@O@olf=\skip71
\f@nch@O@orf=\skip72
)
(c:/Users/ludam/progPerso/texlive/2021/texmf-dist/tex/latex/tools/tabularx.sty
Package: tabularx 2020/01/15 v2.11c `tabularx' package (DPC)

(c:/Users/ludam/progPerso/texlive/2021/texmf-dist/tex/latex/tools/array.sty
Package: array 2020/10/01 v2.5c Tabular extension package (FMi)
\col@sep=\dimen179
\ar@mcellbox=\box99
\extrarowheight=\dimen180
\NC@list=\toks36
\extratabsurround=\skip73
\backup@length=\skip74
\ar@cellbox=\box100
)
\TX@col@width=\dimen181
\TX@old@table=\dimen182
\TX@old@col=\dimen183
\TX@target=\dimen184
\TX@delta=\dimen185
\TX@cols=\count328
\TX@ftn=\toks37
)
(c:/Users/ludam/progPerso/texlive/2021/texmf-dist/tex/latex/graphics/graphicx.s
ty
Package: graphicx 2020/09/09 v1.2b Enhanced LaTeX Graphics (DPC,SPQR)

(c:/Users/ludam/progPerso/texlive/2021/texmf-dist/tex/latex/graphics/graphics.s
ty
Package: graphics 2020/08/30 v1.4c Standard LaTeX Graphics (DPC,SPQR)

(c:/Users/ludam/progPerso/texlive/2021/texmf-dist/tex/latex/graphics/trig.sty
Package: trig 2016/01/03 v1.10 sin cos tan (DPC)
)
(c:/Users/ludam/progPerso/texlive/2021/texmf-dist/tex/latex/graphics-cfg/graphi
cs.cfg
File: graphics.cfg 2016/06/04 v1.11 sample graphics configuration
)
Package graphics Info: Driver file: xetex.def on input line 105.
)
\Gin@req@height=\dimen186
\Gin@req@width=\dimen187
)
(c:/Users/ludam/progPerso/texlive/2021/texmf-dist/tex/latex/enumitem/enumitem.s
ty
Package: enumitem 2019/06/20 v3.9 Customized lists
\labelindent=\skip75
\enit@outerparindent=\dimen188
\enit@toks=\toks38
\enit@inbox=\box101
\enit@count@id=\count329
\enitdp@description=\count330
)
(c:/Users/ludam/progPerso/texlive/2021/texmf-dist/tex/latex/geometry/geometry.s
ty
Package: geometry 2020/01/02 v5.9 Page Geometry

(c:/Users/ludam/progPerso/texlive/2021/texmf-dist/tex/generic/iftex/ifvtex.sty
Package: ifvtex 2019/10/25 v1.7 ifvtex legacy package. Use iftex instead.
)
\Gm@cnth=\count331
\Gm@cntv=\count332
\c@Gm@tempcnt=\count333
\Gm@bindingoffset=\dimen189
\Gm@wd@mp=\dimen190
\Gm@odd@mp=\dimen191
\Gm@even@mp=\dimen192
\Gm@layoutwidth=\dimen193
\Gm@layoutheight=\dimen194
\Gm@layouthoffset=\dimen195
\Gm@layoutvoffset=\dimen196
\Gm@dimlist=\toks39
)
(c:/Users/ludam/progPerso/texlive/2021/texmf-dist/tex/latex/lastpage/lastpage.s
ty
Package: lastpage 2015/03/29 v1.2m Refers to last page's name (HMM; JPG)
)
(c:/Users/ludam/progPerso/texlive/2021/texmf-dist/tex/generic/iftex/ifpdf.sty
Package: ifpdf 2019/10/25 v3.4 ifpdf legacy package. Use iftex instead.
)
(c:/Users/ludam/progPerso/texlive/2021/texmf-dist/tex/latex/bclogo/bclogo.sty
Package: bclogo 2016/01/10 v3.1
\bc@invboxh=\skip76
\bc@invboxd=\skip77
\bc@titleLength=\skip78
\logowidth=\skip79

(c:/Users/ludam/progPerso/texlive/2021/texmf-dist/tex/latex/pgf/frontendlayer/t
ikz.sty
(c:/Users/ludam/progPerso/texlive/2021/texmf-dist/tex/latex/pgf/basiclayer/pgf.
sty
(c:/Users/ludam/progPerso/texlive/2021/texmf-dist/tex/latex/pgf/utilities/pgfrc
s.sty
(c:/Users/ludam/progPerso/texlive/2021/texmf-dist/tex/generic/pgf/utilities/pgf
util-common.tex
\pgfutil@everybye=\toks40
\pgfutil@tempdima=\dimen197
\pgfutil@tempdimb=\dimen198

(c:/Users/ludam/progPerso/texlive/2021/texmf-dist/tex/generic/pgf/utilities/pgf
util-common-lists.tex))
(c:/Users/ludam/progPerso/texlive/2021/texmf-dist/tex/generic/pgf/utilities/pgf
util-latex.def
\pgfutil@abb=\box102
)
(c:/Users/ludam/progPerso/texlive/2021/texmf-dist/tex/generic/pgf/utilities/pgf
rcs.code.tex
(c:/Users/ludam/progPerso/texlive/2021/texmf-dist/tex/generic/pgf/pgf.revision.
tex)
Package: pgfrcs 2020/12/27 v3.1.8b (3.1.8b)
))
Package: pgf 2020/12/27 v3.1.8b (3.1.8b)

(c:/Users/ludam/progPerso/texlive/2021/texmf-dist/tex/latex/pgf/basiclayer/pgfc
ore.sty
(c:/Users/ludam/progPerso/texlive/2021/texmf-dist/tex/latex/pgf/systemlayer/pgf
sys.sty
(c:/Users/ludam/progPerso/texlive/2021/texmf-dist/tex/generic/pgf/systemlayer/p
gfsys.code.tex
Package: pgfsys 2020/12/27 v3.1.8b (3.1.8b)

(c:/Users/ludam/progPerso/texlive/2021/texmf-dist/tex/generic/pgf/utilities/pgf
keys.code.tex
\pgfkeys@pathtoks=\toks41
\pgfkeys@temptoks=\toks42

(c:/Users/ludam/progPerso/texlive/2021/texmf-dist/tex/generic/pgf/utilities/pgf
keysfiltered.code.tex
\pgfkeys@tmptoks=\toks43
))
\pgf@x=\dimen199
\pgf@y=\dimen256
\pgf@xa=\dimen257
\pgf@ya=\dimen258
\pgf@xb=\dimen259
\pgf@yb=\dimen260
\pgf@xc=\dimen261
\pgf@yc=\dimen262
\pgf@xd=\dimen263
\pgf@yd=\dimen264
\w@pgf@writea=\write3
\r@pgf@reada=\read4
\c@pgf@counta=\count334
\c@pgf@countb=\count335
\c@pgf@countc=\count336
\c@pgf@countd=\count337
\t@pgf@toka=\toks44
\t@pgf@tokb=\toks45
\t@pgf@tokc=\toks46
\pgf@sys@id@count=\count338

(c:/Users/ludam/progPerso/texlive/2021/texmf-dist/tex/generic/pgf/systemlayer/p
gf.cfg
File: pgf.cfg 2020/12/27 v3.1.8b (3.1.8b)
)
Driver file for pgf: pgfsys-xetex.def

(c:/Users/ludam/progPerso/texlive/2021/texmf-dist/tex/generic/pgf/systemlayer/p
gfsys-xetex.def
File: pgfsys-xetex.def 2020/12/27 v3.1.8b (3.1.8b)

(c:/Users/ludam/progPerso/texlive/2021/texmf-dist/tex/generic/pgf/systemlayer/p
gfsys-dvipdfmx.def
File: pgfsys-dvipdfmx.def 2020/12/27 v3.1.8b (3.1.8b)

(c:/Users/ludam/progPerso/texlive/2021/texmf-dist/tex/generic/pgf/systemlayer/p
gfsys-common-pdf.def
File: pgfsys-common-pdf.def 2020/12/27 v3.1.8b (3.1.8b)
)
\pgfsys@objnum=\count339
)))
(c:/Users/ludam/progPerso/texlive/2021/texmf-dist/tex/generic/pgf/systemlayer/p
gfsyssoftpath.code.tex
File: pgfsyssoftpath.code.tex 2020/12/27 v3.1.8b (3.1.8b)
\pgfsyssoftpath@smallbuffer@items=\count340
\pgfsyssoftpath@bigbuffer@items=\count341
)
(c:/Users/ludam/progPerso/texlive/2021/texmf-dist/tex/generic/pgf/systemlayer/p
gfsysprotocol.code.tex
File: pgfsysprotocol.code.tex 2020/12/27 v3.1.8b (3.1.8b)
))
(c:/Users/ludam/progPerso/texlive/2021/texmf-dist/tex/generic/pgf/basiclayer/pg
fcore.code.tex
Package: pgfcore 2020/12/27 v3.1.8b (3.1.8b)

(c:/Users/ludam/progPerso/texlive/2021/texmf-dist/tex/generic/pgf/math/pgfmath.
code.tex
(c:/Users/ludam/progPerso/texlive/2021/texmf-dist/tex/generic/pgf/math/pgfmathc
alc.code.tex
(c:/Users/ludam/progPerso/texlive/2021/texmf-dist/tex/generic/pgf/math/pgfmathu
til.code.tex)
(c:/Users/ludam/progPerso/texlive/2021/texmf-dist/tex/generic/pgf/math/pgfmathp
arser.code.tex
\pgfmath@dimen=\dimen265
\pgfmath@count=\count342
\pgfmath@box=\box103
\pgfmath@toks=\toks47
\pgfmath@stack@operand=\toks48
\pgfmath@stack@operation=\toks49
)
(c:/Users/ludam/progPerso/texlive/2021/texmf-dist/tex/generic/pgf/math/pgfmathf
unctions.code.tex
(c:/Users/ludam/progPerso/texlive/2021/texmf-dist/tex/generic/pgf/math/pgfmathf
unctions.basic.code.tex)
(c:/Users/ludam/progPerso/texlive/2021/texmf-dist/tex/generic/pgf/math/pgfmathf
unctions.trigonometric.code.tex)
(c:/Users/ludam/progPerso/texlive/2021/texmf-dist/tex/generic/pgf/math/pgfmathf
unctions.random.code.tex)
(c:/Users/ludam/progPerso/texlive/2021/texmf-dist/tex/generic/pgf/math/pgfmathf
unctions.comparison.code.tex)
(c:/Users/ludam/progPerso/texlive/2021/texmf-dist/tex/generic/pgf/math/pgfmathf
unctions.base.code.tex)
(c:/Users/ludam/progPerso/texlive/2021/texmf-dist/tex/generic/pgf/math/pgfmathf
unctions.round.code.tex)
(c:/Users/ludam/progPerso/texlive/2021/texmf-dist/tex/generic/pgf/math/pgfmathf
unctions.misc.code.tex)
(c:/Users/ludam/progPerso/texlive/2021/texmf-dist/tex/generic/pgf/math/pgfmathf
unctions.integerarithmetics.code.tex)))
(c:/Users/ludam/progPerso/texlive/2021/texmf-dist/tex/generic/pgf/math/pgfmathf
loat.code.tex
\c@pgfmathroundto@lastzeros=\count343
))
(c:/Users/ludam/progPerso/texlive/2021/texmf-dist/tex/generic/pgf/math/pgfint.c
ode.tex)
(c:/Users/ludam/progPerso/texlive/2021/texmf-dist/tex/generic/pgf/basiclayer/pg
fcorepoints.code.tex
File: pgfcorepoints.code.tex 2020/12/27 v3.1.8b (3.1.8b)
\pgf@picminx=\dimen266
\pgf@picmaxx=\dimen267
\pgf@picminy=\dimen268
\pgf@picmaxy=\dimen269
\pgf@pathminx=\dimen270
\pgf@pathmaxx=\dimen271
\pgf@pathminy=\dimen272
\pgf@pathmaxy=\dimen273
\pgf@xx=\dimen274
\pgf@xy=\dimen275
\pgf@yx=\dimen276
\pgf@yy=\dimen277
\pgf@zx=\dimen278
\pgf@zy=\dimen279
)
(c:/Users/ludam/progPerso/texlive/2021/texmf-dist/tex/generic/pgf/basiclayer/pg
fcorepathconstruct.code.tex
File: pgfcorepathconstruct.code.tex 2020/12/27 v3.1.8b (3.1.8b)
\pgf@path@lastx=\dimen280
\pgf@path@lasty=\dimen281
)
(c:/Users/ludam/progPerso/texlive/2021/texmf-dist/tex/generic/pgf/basiclayer/pg
fcorepathusage.code.tex
File: pgfcorepathusage.code.tex 2020/12/27 v3.1.8b (3.1.8b)
\pgf@shorten@end@additional=\dimen282
\pgf@shorten@start@additional=\dimen283
)
(c:/Users/ludam/progPerso/texlive/2021/texmf-dist/tex/generic/pgf/basiclayer/pg
fcorescopes.code.tex
File: pgfcorescopes.code.tex 2020/12/27 v3.1.8b (3.1.8b)
\pgfpic=\box104
\pgf@hbox=\box105
\pgf@layerbox@main=\box106
\pgf@picture@serial@count=\count344
)
(c:/Users/ludam/progPerso/texlive/2021/texmf-dist/tex/generic/pgf/basiclayer/pg
fcoregraphicstate.code.tex
File: pgfcoregraphicstate.code.tex 2020/12/27 v3.1.8b (3.1.8b)
\pgflinewidth=\dimen284
)
(c:/Users/ludam/progPerso/texlive/2021/texmf-dist/tex/generic/pgf/basiclayer/pg
fcoretransformations.code.tex
File: pgfcoretransformations.code.tex 2020/12/27 v3.1.8b (3.1.8b)
\pgf@pt@x=\dimen285
\pgf@pt@y=\dimen286
\pgf@pt@temp=\dimen287
)
(c:/Users/ludam/progPerso/texlive/2021/texmf-dist/tex/generic/pgf/basiclayer/pg
fcorequick.code.tex
File: pgfcorequick.code.tex 2020/12/27 v3.1.8b (3.1.8b)
)
(c:/Users/ludam/progPerso/texlive/2021/texmf-dist/tex/generic/pgf/basiclayer/pg
fcoreobjects.code.tex
File: pgfcoreobjects.code.tex 2020/12/27 v3.1.8b (3.1.8b)
)
(c:/Users/ludam/progPerso/texlive/2021/texmf-dist/tex/generic/pgf/basiclayer/pg
fcorepathprocessing.code.tex
File: pgfcorepathprocessing.code.tex 2020/12/27 v3.1.8b (3.1.8b)
)
(c:/Users/ludam/progPerso/texlive/2021/texmf-dist/tex/generic/pgf/basiclayer/pg
fcorearrows.code.tex
File: pgfcorearrows.code.tex 2020/12/27 v3.1.8b (3.1.8b)
\pgfarrowsep=\dimen288
)
(c:/Users/ludam/progPerso/texlive/2021/texmf-dist/tex/generic/pgf/basiclayer/pg
fcoreshade.code.tex
File: pgfcoreshade.code.tex 2020/12/27 v3.1.8b (3.1.8b)
\pgf@max=\dimen289
\pgf@sys@shading@range@num=\count345
\pgf@shadingcount=\count346
)
(c:/Users/ludam/progPerso/texlive/2021/texmf-dist/tex/generic/pgf/basiclayer/pg
fcoreimage.code.tex
File: pgfcoreimage.code.tex 2020/12/27 v3.1.8b (3.1.8b)

(c:/Users/ludam/progPerso/texlive/2021/texmf-dist/tex/generic/pgf/basiclayer/pg
fcoreexternal.code.tex
File: pgfcoreexternal.code.tex 2020/12/27 v3.1.8b (3.1.8b)
\pgfexternal@startupbox=\box107
))
(c:/Users/ludam/progPerso/texlive/2021/texmf-dist/tex/generic/pgf/basiclayer/pg
fcorelayers.code.tex
File: pgfcorelayers.code.tex 2020/12/27 v3.1.8b (3.1.8b)
)
(c:/Users/ludam/progPerso/texlive/2021/texmf-dist/tex/generic/pgf/basiclayer/pg
fcoretransparency.code.tex
File: pgfcoretransparency.code.tex 2020/12/27 v3.1.8b (3.1.8b)
)
(c:/Users/ludam/progPerso/texlive/2021/texmf-dist/tex/generic/pgf/basiclayer/pg
fcorepatterns.code.tex
File: pgfcorepatterns.code.tex 2020/12/27 v3.1.8b (3.1.8b)
)
(c:/Users/ludam/progPerso/texlive/2021/texmf-dist/tex/generic/pgf/basiclayer/pg
fcorerdf.code.tex
File: pgfcorerdf.code.tex 2020/12/27 v3.1.8b (3.1.8b)
)))
(c:/Users/ludam/progPerso/texlive/2021/texmf-dist/tex/generic/pgf/modules/pgfmo
duleshapes.code.tex
File: pgfmoduleshapes.code.tex 2020/12/27 v3.1.8b (3.1.8b)
\pgfnodeparttextbox=\box108
)
(c:/Users/ludam/progPerso/texlive/2021/texmf-dist/tex/generic/pgf/modules/pgfmo
duleplot.code.tex
File: pgfmoduleplot.code.tex 2020/12/27 v3.1.8b (3.1.8b)
)
(c:/Users/ludam/progPerso/texlive/2021/texmf-dist/tex/latex/pgf/compatibility/p
gfcomp-version-0-65.sty
Package: pgfcomp-version-0-65 2020/12/27 v3.1.8b (3.1.8b)
\pgf@nodesepstart=\dimen290
\pgf@nodesepend=\dimen291
)
(c:/Users/ludam/progPerso/texlive/2021/texmf-dist/tex/latex/pgf/compatibility/p
gfcomp-version-1-18.sty
Package: pgfcomp-version-1-18 2020/12/27 v3.1.8b (3.1.8b)
))
(c:/Users/ludam/progPerso/texlive/2021/texmf-dist/tex/latex/pgf/utilities/pgffo
r.sty
(c:/Users/ludam/progPerso/texlive/2021/texmf-dist/tex/latex/pgf/utilities/pgfke
ys.sty
(c:/Users/ludam/progPerso/texlive/2021/texmf-dist/tex/generic/pgf/utilities/pgf
keys.code.tex))
(c:/Users/ludam/progPerso/texlive/2021/texmf-dist/tex/latex/pgf/math/pgfmath.st
y
(c:/Users/ludam/progPerso/texlive/2021/texmf-dist/tex/generic/pgf/math/pgfmath.
code.tex))
(c:/Users/ludam/progPerso/texlive/2021/texmf-dist/tex/generic/pgf/utilities/pgf
for.code.tex
Package: pgffor 2020/12/27 v3.1.8b (3.1.8b)

(c:/Users/ludam/progPerso/texlive/2021/texmf-dist/tex/generic/pgf/math/pgfmath.
code.tex)
\pgffor@iter=\dimen292
\pgffor@skip=\dimen293
\pgffor@stack=\toks50
\pgffor@toks=\toks51
))
(c:/Users/ludam/progPerso/texlive/2021/texmf-dist/tex/generic/pgf/frontendlayer
/tikz/tikz.code.tex
Package: tikz 2020/12/27 v3.1.8b (3.1.8b)

(c:/Users/ludam/progPerso/texlive/2021/texmf-dist/tex/generic/pgf/libraries/pgf
libraryplothandlers.code.tex
File: pgflibraryplothandlers.code.tex 2020/12/27 v3.1.8b (3.1.8b)
\pgf@plot@mark@count=\count347
\pgfplotmarksize=\dimen294
)
\tikz@lastx=\dimen295
\tikz@lasty=\dimen296
\tikz@lastxsaved=\dimen297
\tikz@lastysaved=\dimen298
\tikz@lastmovetox=\dimen299
\tikz@lastmovetoy=\dimen300
\tikzleveldistance=\dimen301
\tikzsiblingdistance=\dimen302
\tikz@figbox=\box109
\tikz@figbox@bg=\box110
\tikz@tempbox=\box111
\tikz@tempbox@bg=\box112
\tikztreelevel=\count348
\tikznumberofchildren=\count349
\tikznumberofcurrentchild=\count350
\tikz@fig@count=\count351

(c:/Users/ludam/progPerso/texlive/2021/texmf-dist/tex/generic/pgf/modules/pgfmo
dulematrix.code.tex
File: pgfmodulematrix.code.tex 2020/12/27 v3.1.8b (3.1.8b)
\pgfmatrixcurrentrow=\count352
\pgfmatrixcurrentcolumn=\count353
\pgf@matrix@numberofcolumns=\count354
)
\tikz@expandcount=\count355

(c:/Users/ludam/progPerso/texlive/2021/texmf-dist/tex/generic/pgf/frontendlayer
/tikz/libraries/tikzlibrarytopaths.code.tex
File: tikzlibrarytopaths.code.tex 2020/12/27 v3.1.8b (3.1.8b)
)))
(c:/Users/ludam/progPerso/texlive/2021/texmf-dist/tex/latex/mdframed/mdframed.s
ty
Package: mdframed 2013/07/01 1.9b: mdframed

(c:/Users/ludam/progPerso/texlive/2021/texmf-dist/tex/latex/zref/zref-abspage.s
ty
Package: zref-abspage 2020-07-03 v2.32 Module abspage for zref (HO)

(c:/Users/ludam/progPerso/texlive/2021/texmf-dist/tex/latex/zref/zref-base.sty
Package: zref-base 2020-07-03 v2.32 Module base for zref (HO)
Package zref Info: New property list: main on input line 764.
Package zref Info: New property: default on input line 765.
Package zref Info: New property: page on input line 766.
)
\c@abspage=\count356
Package zref Info: New property: abspage on input line 66.
)
(c:/Users/ludam/progPerso/texlive/2021/texmf-dist/tex/latex/needspace/needspace
.sty
Package: needspace 2010/09/12 v1.3d reserve vertical space
)
\mdf@templength=\skip80
\c@mdf@globalstyle@cnt=\count357
\mdf@skipabove@length=\skip81
\mdf@skipbelow@length=\skip82
\mdf@leftmargin@length=\skip83
\mdf@rightmargin@length=\skip84
\mdf@innerleftmargin@length=\skip85
\mdf@innerrightmargin@length=\skip86
\mdf@innertopmargin@length=\skip87
\mdf@innerbottommargin@length=\skip88
\mdf@splittopskip@length=\skip89
\mdf@splitbottomskip@length=\skip90
\mdf@outermargin@length=\skip91
\mdf@innermargin@length=\skip92
\mdf@linewidth@length=\skip93
\mdf@innerlinewidth@length=\skip94
\mdf@middlelinewidth@length=\skip95
\mdf@outerlinewidth@length=\skip96
\mdf@roundcorner@length=\skip97
\mdf@footenotedistance@length=\skip98
\mdf@userdefinedwidth@length=\skip99
\mdf@needspace@length=\skip100
\mdf@frametitleaboveskip@length=\skip101
\mdf@frametitlebelowskip@length=\skip102
\mdf@frametitlerulewidth@length=\skip103
\mdf@frametitleleftmargin@length=\skip104
\mdf@frametitlerightmargin@length=\skip105
\mdf@shadowsize@length=\skip106
\mdf@extratopheight@length=\skip107
\mdf@subtitleabovelinewidth@length=\skip108
\mdf@subtitlebelowlinewidth@length=\skip109
\mdf@subtitleaboveskip@length=\skip110
\mdf@subtitlebelowskip@length=\skip111
\mdf@subtitleinneraboveskip@length=\skip112
\mdf@subtitleinnerbelowskip@length=\skip113
\mdf@subsubtitleabovelinewidth@length=\skip114
\mdf@subsubtitlebelowlinewidth@length=\skip115
\mdf@subsubtitleaboveskip@length=\skip116
\mdf@subsubtitlebelowskip@length=\skip117
\mdf@subsubtitleinneraboveskip@length=\skip118
\mdf@subsubtitleinnerbelowskip@length=\skip119

(c:/Users/ludam/progPerso/texlive/2021/texmf-dist/tex/latex/mdframed/md-frame-1
.mdf
File: md-frame-1.mdf 2013/07/01\ 1.9b: md-frame-1
)
\mdf@frametitlebox=\box113
\mdf@footnotebox=\box114
\mdf@splitbox@one=\box115
\mdf@splitbox@two=\box116
\mdf@splitbox@save=\box117
\mdfsplitboxwidth=\skip120
\mdfsplitboxtotalwidth=\skip121
\mdfsplitboxheight=\skip122
\mdfsplitboxdepth=\skip123
\mdfsplitboxtotalheight=\skip124
\mdfframetitleboxwidth=\skip125
\mdfframetitleboxtotalwidth=\skip126
\mdfframetitleboxheight=\skip127
\mdfframetitleboxdepth=\skip128
\mdfframetitleboxtotalheight=\skip129
\mdffootnoteboxwidth=\skip130
\mdffootnoteboxtotalwidth=\skip131
\mdffootnoteboxheight=\skip132
\mdffootnoteboxdepth=\skip133
\mdffootnoteboxtotalheight=\skip134
\mdftotallinewidth=\skip135
\mdfboundingboxwidth=\skip136
\mdfboundingboxtotalwidth=\skip137
\mdfboundingboxheight=\skip138
\mdfboundingboxdepth=\skip139
\mdfboundingboxtotalheight=\skip140
\mdf@freevspace@length=\skip141
\mdf@horizontalwidthofbox@length=\skip142
\mdf@verticalmarginwhole@length=\skip143
\mdf@horizontalspaceofbox=\skip144
\mdfsubtitleheight=\skip145
\mdfsubsubtitleheight=\skip146
\c@mdfcountframes=\count358

****** mdframed patching \endmdf@trivlist

****** -- success******

\mdf@envdepth=\count359
\c@mdf@env@i=\count360
\c@mdf@env@ii=\count361
\c@mdf@zref@counter=\count362
Package zref Info: New property: mdf@pagevalue on input line 895.
)
(c:/Users/ludam/progPerso/texlive/2021/texmf-dist/tex/generic/pgf/frontendlayer
/tikz/libraries/tikzlibraryshadows.code.tex
File: tikzlibraryshadows.code.tex 2020/12/27 v3.1.8b (3.1.8b)

(c:/Users/ludam/progPerso/texlive/2021/texmf-dist/tex/generic/pgf/frontendlayer
/tikz/libraries/tikzlibraryfadings.code.tex
File: tikzlibraryfadings.code.tex 2020/12/27 v3.1.8b (3.1.8b)

(c:/Users/ludam/progPerso/texlive/2021/texmf-dist/tex/generic/pgf/libraries/pgf
libraryfadings.code.tex
File: pgflibraryfadings.code.tex 2020/12/27 v3.1.8b (3.1.8b)
)))
(c:/Users/ludam/progPerso/texlive/2021/texmf-dist/tex/generic/pgf/frontendlayer
/tikz/libraries/tikzlibrarydecorations.pathmorphing.code.tex
(c:/Users/ludam/progPerso/texlive/2021/texmf-dist/tex/generic/pgf/frontendlayer
/tikz/libraries/tikzlibrarydecorations.code.tex
(c:/Users/ludam/progPerso/texlive/2021/texmf-dist/tex/generic/pgf/modules/pgfmo
duledecorations.code.tex
\pgfdecoratedcompleteddistance=\dimen303
\pgfdecoratedremainingdistance=\dimen304
\pgfdecoratedinputsegmentcompleteddistance=\dimen305
\pgfdecoratedinputsegmentremainingdistance=\dimen306
\pgf@decorate@distancetomove=\dimen307
\pgf@decorate@repeatstate=\count363
\pgfdecorationsegmentamplitude=\dimen308
\pgfdecorationsegmentlength=\dimen309
)
\tikz@lib@dec@box=\box118
)
(c:/Users/ludam/progPerso/texlive/2021/texmf-dist/tex/generic/pgf/libraries/dec
orations/pgflibrarydecorations.pathmorphing.code.tex))
Invalid UTF-8 byte or sequence at line 164 replaced by U+FFFD.
Invalid UTF-8 byte or sequence at line 164 replaced by U+FFFD.
Invalid UTF-8 byte or sequence at line 201 replaced by U+FFFD.
\c@bclogocompteur=\count364
\bcval@epBarre=\skip147
\bcval@framesep=\skip148
\bcval@tailleOndu=\skip149
\bcval@borderWidth=\skip150
Invalid UTF-8 byte or sequence at line 216 replaced by U+FFFD.
\bcval@margeG=\skip151
Invalid UTF-8 byte or sequence at line 217 replaced by U+FFFD.
Invalid UTF-8 byte or sequence at line 217 replaced by U+FFFD.
\bcval@margeD=\skip152
\bc@envbox=\box119
Invalid UTF-8 byte or sequence at line 334 replaced by U+FFFD.
Invalid UTF-8 byte or sequence at line 454 replaced by U+FFFD.
Invalid UTF-8 byte or sequence at line 454 replaced by U+FFFD.
Invalid UTF-8 byte or sequence at line 454 replaced by U+FFFD.
)
\c@definition=\count365
\c@theoreme=\count366
\c@deftheo=\count367
\c@proposition=\count368
\c@lemme=\count369
\c@corollaire=\count370
) (./main.aux)
\openout1 = `main.aux'.

LaTeX Font Info:    Checking defaults for OML/ntxmi/m/it on input line 19.
LaTeX Font Info:    Trying to load font information for OML+ntxmi on input line
 19.

(c:/Users/ludam/progPerso/texlive/2021/texmf-dist/tex/latex/newtx/omlntxmi.fd
File: omlntxmi.fd 2015/08/25 Fontinst v1.933 font definitions for OML/ntxmi.
)
LaTeX Font Info:    ... okay on input line 19.
LaTeX Font Info:    Checking defaults for OMS/cmsy/m/n on input line 19.
LaTeX Font Info:    ... okay on input line 19.
LaTeX Font Info:    Checking defaults for OT1/cmr/m/n on input line 19.
LaTeX Font Info:    ... okay on input line 19.
LaTeX Font Info:    Checking defaults for T1/cmr/m/n on input line 19.
LaTeX Font Info:    ... okay on input line 19.
LaTeX Font Info:    Checking defaults for TS1/cmr/m/n on input line 19.
LaTeX Font Info:    Trying to load font information for TS1+cmr on input line 1
9.

(c:/Users/ludam/progPerso/texlive/2021/texmf-dist/tex/latex/base/ts1cmr.fd
File: ts1cmr.fd 2019/12/16 v2.5j Standard LaTeX font definitions
)
LaTeX Font Info:    ... okay on input line 19.
LaTeX Font Info:    Checking defaults for TU/lmr/m/n on input line 19.
LaTeX Font Info:    ... okay on input line 19.
LaTeX Font Info:    Checking defaults for OMX/cmex/m/n on input line 19.
LaTeX Font Info:    ... okay on input line 19.
LaTeX Font Info:    Checking defaults for U/ntxexa/m/n on input line 19.
LaTeX Font Info:    Trying to load font information for U+ntxexa on input line 
19.

(c:/Users/ludam/progPerso/texlive/2021/texmf-dist/tex/latex/newtx/untxexa.fd
File: untxexa.fd 2012/04/16 Fontinst v1.933 font definitions for U/ntxexa.
)
LaTeX Font Info:    ... okay on input line 19.
LaTeX Font Info:    Checking defaults for LMS/ntxsy/m/n on input line 19.
LaTeX Font Info:    Trying to load font information for LMS+ntxsy on input line
 19.

(c:/Users/ludam/progPerso/texlive/2021/texmf-dist/tex/latex/newtx/lmsntxsy.fd
File: lmsntxsy.fd 2016/07/02 Fontinst v1.933 font definitions for LMS/ntxsy.
)
LaTeX Font Info:    ... okay on input line 19.
LaTeX Font Info:    Checking defaults for LMX/ntxexx/m/n on input line 19.
LaTeX Font Info:    Trying to load font information for LMX+ntxexx on input lin
e 19.

(c:/Users/ludam/progPerso/texlive/2021/texmf-dist/tex/latex/newtx/lmxntxexx.fd
File: lmxntxexx.fd 2016/07/03 Fontinst v1.933 font definitions for LMX/ntxexx.
)
LaTeX Font Info:    ... okay on input line 19.
LaTeX Font Info:    Checking defaults for PD1/pdf/m/n on input line 19.
LaTeX Font Info:    ... okay on input line 19.
LaTeX Font Info:    Checking defaults for PU/pdf/m/n on input line 19.
LaTeX Font Info:    ... okay on input line 19.
LaTeX Info: Redefining \dots on input line 19.
Package french.ldf Info: Setting StandardItemizeEnv=true for
(french.ldf)             compatibility with enumitem package,
(french.ldf)             reported on input line 19.
Package french.ldf Info: Setting StandardEnumerateEnv=true for
(french.ldf)             compatibility with enumitem package,
(french.ldf)             reported on input line 19.
LaTeX Info: Redefining \up on input line 19.
\c@lstlisting=\count371
Package hyperref Info: Link coloring OFF on input line 19.

(c:/Users/ludam/progPerso/texlive/2021/texmf-dist/tex/latex/hyperref/nameref.st
y
Package: nameref 2021-04-02 v2.47 Cross-referencing by name of section

(c:/Users/ludam/progPerso/texlive/2021/texmf-dist/tex/latex/refcount/refcount.s
ty
Package: refcount 2019/12/15 v3.6 Data extraction from label references (HO)
)
(c:/Users/ludam/progPerso/texlive/2021/texmf-dist/tex/generic/gettitlestring/ge
ttitlestring.sty
Package: gettitlestring 2019/12/15 v1.6 Cleanup title references (HO)
)
\c@section@level=\count372
)
LaTeX Info: Redefining \ref on input line 19.
LaTeX Info: Redefining \pageref on input line 19.
LaTeX Info: Redefining \nameref on input line 19.
 (./main.out) (./main.out)
\@outlinefile=\write4
\openout4 = `main.out'.


*geometry* driver: auto-detecting
*geometry* detected driver: xetex
*geometry* verbose mode - [ preamble ] result:
* driver: xetex
* paper: a4paper
* layout: <same size as paper>
* layoutoffset:(h,v)=(0.0pt,0.0pt)
* modes: 
* h-part:(L,W,R)=(56.9055pt, 483.69687pt, 56.9055pt)
* v-part:(T,H,B)=(56.9055pt, 731.23584pt, 56.9055pt)
* \paperwidth=597.50787pt
* \paperheight=845.04684pt
* \textwidth=483.69687pt
* \textheight=731.23584pt
* \oddsidemargin=-15.36449pt
* \evensidemargin=-15.36449pt
* \topmargin=-52.36449pt
* \headheight=12.0pt
* \headsep=25.0pt
* \topskip=11.0pt
* \footskip=30.0pt
* \marginparwidth=50.0pt
* \marginparsep=10.0pt
* \columnsep=10.0pt
* \skip\footins=10.0pt plus 4.0pt minus 2.0pt
* \hoffset=0.0pt
* \voffset=0.0pt
* \mag=1000
* \@twocolumnfalse
* \@twosidefalse
* \@mparswitchfalse
* \@reversemarginfalse
* (1in=72.27pt=25.4mm, 1cm=28.453pt)

Package lastpage Info: Please have a look at the pageslts package at
(lastpage)             https://www.ctan.org/pkg/pageslts
(lastpage)             ! on input line 19.
LaTeX Font Info:    Font shape `TU/SourceSerifPro(0)/m/n' will be
(Font)              scaled to size 20.74pt on input line 24.
LaTeX Font Info:    Font shape `TU/SourceSerifPro(0)/b/n' will be
(Font)              scaled to size 20.74pt on input line 25.
LaTeX Font Info:    Trying to load font information for OT1+lmr on input line 2
5.
(c:/Users/ludam/progPerso/texlive/2021/texmf-dist/tex/latex/lm/ot1lmr.fd
File: ot1lmr.fd 2015/05/01 v1.6.1 Font defs for Latin Modern
)
LaTeX Font Info:    Trying to load font information for U+msa on input line 25.


(c:/Users/ludam/progPerso/texlive/2021/texmf-dist/tex/latex/amsfonts/umsa.fd
File: umsa.fd 2013/01/14 v3.01 AMS symbols A
)
LaTeX Font Info:    Trying to load font information for U+msb on input line 25.


(c:/Users/ludam/progPerso/texlive/2021/texmf-dist/tex/latex/amsfonts/umsb.fd
File: umsb.fd 2013/01/14 v3.01 AMS symbols B
)
LaTeX Font Info:    Trying to load font information for U+stmry on input line 2
5.

(c:/Users/ludam/progPerso/texlive/2021/texmf-dist/tex/latex/stmaryrd/Ustmry.fd)

LaTeX Font Warning: Font shape `U/stmry/m/n' in size <16.1> not available
(Font)              size <17.28> substituted on input line 25.


LaTeX Font Warning: Font shape `U/stmry/m/n' in size <11.4> not available
(Font)              size <10.95> substituted on input line 25.

LaTeX Font Info:    Trying to load font information for U+ntxmia on input line 
25.
(c:/Users/ludam/progPerso/texlive/2021/texmf-dist/tex/latex/newtx/untxmia.fd
File: untxmia.fd 2018/04/14 Fontinst v1.933 font definitions for U/ntxmia.
)
LaTeX Font Info:    Trying to load font information for U+ntxsym on input line 
25.

(c:/Users/ludam/progPerso/texlive/2021/texmf-dist/tex/latex/newtx/untxsym.fd
File: untxsym.fd 2015/03/20 Fontinst v1.933 font definitions for U/ntxsym.
)
LaTeX Font Info:    Trying to load font information for U+ntxsyc on input line 
25.

(c:/Users/ludam/progPerso/texlive/2021/texmf-dist/tex/latex/newtx/untxsyc.fd
File: untxsyc.fd 2012/04/12 Fontinst v1.933 font definitions for U/ntxsyc.
)
LaTeX Font Info:    Font shape `TU/SourceSerifPro(0)/m/n' will be
(Font)              scaled to size 14.4pt on input line 29.
LaTeX Font Info:    Font shape `TU/SourceSerifPro(0)/m/it' will be
(Font)              scaled to size 14.4pt on input line 29.

Underfull \hbox (badness 10000) in paragraph at lines 33--39

 []

[1

]
(c:/Users/ludam/progPerso/texlive/2021/texmf-dist/tex/latex/listings/lstlang1.s
ty
File: lstlang1.sty 2020/03/24 1.8d listings language file
)
(c:/Users/ludam/progPerso/texlive/2021/texmf-dist/tex/latex/listings/lstlang2.s
ty
File: lstlang2.sty 2020/03/24 1.8d listings language file
)
(c:/Users/ludam/progPerso/texlive/2021/texmf-dist/tex/latex/listings/lstmisc.st
y
File: lstmisc.sty 2020/03/24 1.8d (Carsten Heinz)
)
LaTeX Font Info:    Font shape `TU/SourceSerifPro(0)/m/n' will be
(Font)              scaled to size 24.88pt on input line 46.
LaTeX Font Info:    Font shape `TU/SourceSerifPro(0)/b/n' will be
(Font)              scaled to size 24.88pt on input line 46.
 (./main.toc
LaTeX Font Info:    Font shape `TU/SourceSerifPro(0)/b/n' will be
(Font)              scaled to size 10.95pt on input line 2.
)
\tf@toc=\write5
\openout5 = `main.toc'.

 [1

]
LaTeX Font Info:    Font shape `TU/SourceSerifPro(0)/b/n' will be
(Font)              scaled to size 14.4pt on input line 52.
 [2

]
Chapitre 1.
File: zoom-logo (1).png Graphic file (type bmp)
<zoom-logo (1).png>
File: logo.png Graphic file (type bmp)
<logo.png>
File: logo-jitsi-meet.png Graphic file (type bmp)
<logo-jitsi-meet.png>
LaTeX Font Info:    Font shape `TU/SourceSerifPro(0)/m/n' will be
(Font)              scaled to size 12.0pt on input line 113.
LaTeX Font Info:    Font shape `TU/SourceSerifPro(0)/b/n' will be
(Font)              scaled to size 12.0pt on input line 113.
File: ordinateur.jpg Graphic file (type bmp)
<ordinateur.jpg>
LaTeX Font Info:    Font shape `TU/SourceSerifPro(0)/m/sc' will be
(Font)              scaled to size 10.95pt on input line 118.

LaTeX Warning: `!h' float specifier changed to `!ht'.

Package hyperref Info: bookmark level for unknown bclogo defaults to 0 on input
 line 123.
File: bc-fleur.mps Graphic file (type mps)
<bc-fleur.mps>
LaTeX Font Info:    Font shape `TU/SourceSerifPro(0)/m/it' will be
(Font)              scaled to size 10.95pt on input line 123.
Package mdframed Info: mdframed detected package amsthm 
 changed the theorem header of amsthm
(mdframed)              on input line 123.
[3

]
File: capture_moniteur_sys.png Graphic file (type bmp)
<capture_moniteur_sys.png>
File: iptables.PNG Graphic file (type bmp)
<iptables.PNG>
 [4]
File: bc-info.mps Graphic file (type mps)
<bc-info.mps>
Package mdframed Info: mdframed detected package amsthm 
 changed the theorem header of amsthm
(mdframed)              on input line 165.
 [5]
File: capture_scaphandre.png Graphic file (type bmp)
<capture_scaphandre.png>
 [6]
Chapitre 2.
File: graph_energie.pdf Graphic file (type pdf)
<use graph_energie.pdf>
[7

]
File: graph_donnees.pdf Graphic file (type pdf)
<use graph_donnees.pdf>
 [8]
File: moyenne.png Graphic file (type bmp)
<moyenne.png>
 [9] [10

]
Overfull \hbox (107.27774pt too wide) in paragraph at lines 244--245
[][]$[][][][][] [] [] [] [][][][][][][][][][][][] [] [][][] [] [][] [] [][][][]
[][][][][][][][][][][][][][][][][][][][][][][][][][][][][][][][][][][][][][][][
][][][][][][][][][][][][][][][][][][][][][][][][][][][][][][][][][][][]$[] 
 []


AED: lastpage setting LastPage
[11

] (./main.aux)

LaTeX Font Warning: Size substitutions with differences
(Font)              up to 1.18pt have occurred.

Package rerunfilecheck Info: File `main.out' has not changed.
(rerunfilecheck)             Checksum: C8A46E9D65664B11D6DFF3AFC3639216;3201.
 ) 
Here is how much of TeX's memory you used:
 30483 strings out of 478799
 588197 string characters out of 5859678
 1123531 words of memory out of 5000000
 49751 multiletter control sequences out of 15000+600000
 468096 words of font info for 161 fonts, out of 8000000 for 9000
 36 hyphenation exceptions out of 8191
 107i,11n,106p,616b,1349s stack positions out of 5000i,500n,10000p,200000b,80000s

Output written on main.pdf (12 pages).
