This is pdfTeX, Version 3.14159265-2.6-1.40.21 (TeX Live 2020/W32TeX) (preloaded format=pdflatex 2021.3.15)  18 MAR 2021 12:41
entering extended mode
 restricted \write18 enabled.
 %&-line parsing enabled.
**rapport_final_groupe9.tex
(./rapport_final_groupe9.tex
LaTeX2e <2020-10-01> patch level 4
L3 programming layer <2021-02-18>
(c:/Users/ludam/progPerso/texlive/2020/texmf-dist/tex/latex/base/article.cls
Document Class: article 2020/04/10 v1.4m Standard LaTeX document class
(c:/Users/ludam/progPerso/texlive/2020/texmf-dist/tex/latex/base/size11.clo
File: size11.clo 2020/04/10 v1.4m Standard LaTeX file (size option)
)
\c@part=\count179
\c@section=\count180
\c@subsection=\count181
\c@subsubsection=\count182
\c@paragraph=\count183
\c@subparagraph=\count184
\c@figure=\count185
\c@table=\count186
\abovecaptionskip=\skip47
\belowcaptionskip=\skip48
\bibindent=\dimen138
)
(c:/Users/ludam/progPerso/texlive/2020/texmf-dist/tex/generic/babel/babel.sty
Package: babel 2021/03/03 3.55 The Babel package

(c:/Users/ludam/progPerso/texlive/2020/texmf-dist/tex/generic/babel/babel.def
File: babel.def 2021/03/03 3.55 Babel common definitions
\babel@savecnt=\count187
\U@D=\dimen139
\l@babelnohyphens=\language13

(c:/Users/ludam/progPerso/texlive/2020/texmf-dist/tex/generic/babel/txtbabel.de
f)
\bbl@readstream=\read2
)
\bbl@dirlevel=\count188

(c:/Users/ludam/progPerso/texlive/2020/texmf-dist/tex/generic/babel-french/fren
ch.ldf
Language: french 2020/10/10 v3.5l French support from the babel system
Package babel Info: \l@acadian = using hyphenrules for french
(babel)             (\language9) on input line 91.
Package babel Info: \l@canadien = using hyphenrules for french
(babel)             (\language9) on input line 92.
\FB@nonchar=\count189
Package babel Info: Making : an active character on input line 430.
Package babel Info: Making ; an active character on input line 431.
Package babel Info: Making ! an active character on input line 432.
Package babel Info: Making ? an active character on input line 433.
\FBguill@level=\count190
\FBold@everypar=\toks15
\FB@Mht=\dimen140
\mc@charclass=\count191
\mc@charfam=\count192
\mc@charslot=\count193
\std@mcc=\count194
\dec@mcc=\count195
\listindentFB=\dimen141
\descindentFB=\dimen142
\labelindentFB=\dimen143
\labelwidthFB=\dimen144
\leftmarginFB=\dimen145
\parindentFFN=\dimen146
\FBfnindent=\dimen147
))
(c:/Users/ludam/progPerso/texlive/2020/texmf-dist/tex/latex/carlisle/scalefnt.s
ty)
(c:/Users/ludam/progPerso/texlive/2020/texmf-dist/tex/latex/graphics/keyval.sty
Package: keyval 2014/10/28 v1.15 key=value parser (DPC)
\KV@toks@=\toks16
) (c:/Users/ludam/progPerso/texlive/2020/texmf-dist/tex/latex/base/inputenc.sty
Package: inputenc 2020/08/01 v1.3d Input encoding file
\inpenc@prehook=\toks17
\inpenc@posthook=\toks18
) (c:/Users/ludam/progPerso/texlive/2020/texmf-dist/tex/latex/base/fontenc.sty
Package: fontenc 2020/08/10 v2.0s Standard LaTeX package
)
(c:/Users/ludam/progPerso/texlive/2020/texmf-dist/tex/latex/listings/listings.s
ty
\lst@mode=\count196
\lst@gtempboxa=\box47
\lst@token=\toks19
\lst@length=\count197
\lst@currlwidth=\dimen148
\lst@column=\count198
\lst@pos=\count199
\lst@lostspace=\dimen149
\lst@width=\dimen150
\lst@newlines=\count266
\lst@lineno=\count267
\lst@maxwidth=\dimen151

(c:/Users/ludam/progPerso/texlive/2020/texmf-dist/tex/latex/listings/lstmisc.st
y
File: lstmisc.sty 2020/03/24 1.8d (Carsten Heinz)
\c@lstnumber=\count268
\lst@skipnumbers=\count269
\lst@framebox=\box48
)
(c:/Users/ludam/progPerso/texlive/2020/texmf-dist/tex/latex/listings/listings.c
fg
File: listings.cfg 2020/03/24 1.8d listings configuration
))
Package: listings 2020/03/24 1.8d (Carsten Heinz)

(c:/Users/ludam/progPerso/texlive/2020/texmf-dist/tex/latex/xcolor/xcolor.sty
Package: xcolor 2016/05/11 v2.12 LaTeX color extensions (UK)

(c:/Users/ludam/progPerso/texlive/2020/texmf-dist/tex/latex/graphics-cfg/color.
cfg
File: color.cfg 2016/01/02 v1.6 sample color configuration
)
Package xcolor Info: Driver file: pdftex.def on input line 225.

(c:/Users/ludam/progPerso/texlive/2020/texmf-dist/tex/latex/graphics-def/pdftex
.def
File: pdftex.def 2020/10/05 v1.2a Graphics/color driver for pdftex
)
Package xcolor Info: Model `cmy' substituted by `cmy0' on input line 1348.
Package xcolor Info: Model `hsb' substituted by `rgb' on input line 1352.
Package xcolor Info: Model `RGB' extended on input line 1364.
Package xcolor Info: Model `HTML' substituted by `rgb' on input line 1366.
Package xcolor Info: Model `Hsb' substituted by `hsb' on input line 1367.
Package xcolor Info: Model `tHsb' substituted by `hsb' on input line 1368.
Package xcolor Info: Model `HSB' substituted by `hsb' on input line 1369.
Package xcolor Info: Model `Gray' substituted by `gray' on input line 1370.
Package xcolor Info: Model `wave' substituted by `hsb' on input line 1371.
) (./en-tete_Latex.tex
(c:/Users/ludam/progPerso/texlive/2020/texmf-dist/tex/latex/amsmath/amsmath.sty
Package: amsmath 2020/09/23 v2.17i AMS math features
\@mathmargin=\skip49
For additional information on amsmath, use the `?' option.

(c:/Users/ludam/progPerso/texlive/2020/texmf-dist/tex/latex/amsmath/amstext.sty
Package: amstext 2000/06/29 v2.01 AMS text
(c:/Users/ludam/progPerso/texlive/2020/texmf-dist/tex/latex/amsmath/amsgen.sty
File: amsgen.sty 1999/11/30 v2.0 generic functions
\@emptytoks=\toks20
\ex@=\dimen152
))
(c:/Users/ludam/progPerso/texlive/2020/texmf-dist/tex/latex/amsmath/amsbsy.sty
Package: amsbsy 1999/11/29 v1.2d Bold Symbols
\pmbraise@=\dimen153
) (c:/Users/ludam/progPerso/texlive/2020/texmf-dist/tex/latex/amsmath/amsopn.st
y
Package: amsopn 2016/03/08 v2.02 operator names
)
\inf@bad=\count270
LaTeX Info: Redefining \frac on input line 234.
\uproot@=\count271
\leftroot@=\count272
LaTeX Info: Redefining \overline on input line 399.
\classnum@=\count273
\DOTSCASE@=\count274
LaTeX Info: Redefining \ldots on input line 496.
LaTeX Info: Redefining \dots on input line 499.
LaTeX Info: Redefining \cdots on input line 620.
\Mathstrutbox@=\box49
\strutbox@=\box50
\big@size=\dimen154
LaTeX Font Info:    Redeclaring font encoding OML on input line 743.
LaTeX Font Info:    Redeclaring font encoding OMS on input line 744.
\macc@depth=\count275
\c@MaxMatrixCols=\count276
\dotsspace@=\muskip16
\c@parentequation=\count277
\dspbrk@lvl=\count278
\tag@help=\toks21
\row@=\count279
\column@=\count280
\maxfields@=\count281
\andhelp@=\toks22
\eqnshift@=\dimen155
\alignsep@=\dimen156
\tagshift@=\dimen157
\tagwidth@=\dimen158
\totwidth@=\dimen159
\lineht@=\dimen160
\@envbody=\toks23
\multlinegap=\skip50
\multlinetaggap=\skip51
\mathdisplay@stack=\toks24
LaTeX Info: Redefining \[ on input line 2923.
LaTeX Info: Redefining \] on input line 2924.
)
(c:/Users/ludam/progPerso/texlive/2020/texmf-dist/tex/latex/amsfonts/amsfonts.s
ty
Package: amsfonts 2013/01/14 v3.01 Basic AMSFonts support
\symAMSa=\mathgroup4
\symAMSb=\mathgroup5
LaTeX Font Info:    Redeclaring math symbol \hbar on input line 98.
LaTeX Font Info:    Overwriting math alphabet `\mathfrak' in version `bold'
(Font)                  U/euf/m/n --> U/euf/b/n on input line 106.
)
(c:/Users/ludam/progPerso/texlive/2020/texmf-dist/tex/latex/amsfonts/amssymb.st
y
Package: amssymb 2013/01/14 v3.01 AMS font symbols
)
(c:/Users/ludam/progPerso/texlive/2020/texmf-dist/tex/latex/amscls/amsthm.sty
Package: amsthm 2020/05/29 v2.20.6
\thm@style=\toks25
\thm@bodyfont=\toks26
\thm@headfont=\toks27
\thm@notefont=\toks28
\thm@headpunct=\toks29
\thm@preskip=\skip52
\thm@postskip=\skip53
\thm@headsep=\skip54
\dth@everypar=\toks30
)
(c:/Users/ludam/progPerso/texlive/2020/texmf-dist/tex/latex/stmaryrd/stmaryrd.s
ty
Package: stmaryrd 1994/03/03 St Mary's Road symbol package
\symstmry=\mathgroup6
LaTeX Font Info:    Overwriting symbol font `stmry' in version `bold'
(Font)                  U/stmry/m/n --> U/stmry/b/n on input line 89.
)
(c:/Users/ludam/progPerso/texlive/2020/texmf-dist/tex/latex/newtx/newtxmath.sty
Package: newtxmath 2020/12/20 v1.640

`newtxmath' v1.640, 2020/12/20 Math macros based originally on txfonts (msharpe
) (c:/Users/ludam/progPerso/texlive/2020/texmf-dist/tex/latex/base/ifthen.sty
Package: ifthen 2014/09/29 v1.1c Standard LaTeX ifthen package (DPC)
)
(c:/Users/ludam/progPerso/texlive/2020/texmf-dist/tex/latex/etoolbox/etoolbox.s
ty
Package: etoolbox 2020/10/05 v2.5k e-TeX tools for LaTeX (JAW)
\etb@tempcnta=\count282
)
(c:/Users/ludam/progPerso/texlive/2020/texmf-dist/tex/generic/iftex/ifxetex.sty
Package: ifxetex 2019/10/25 v0.7 ifxetex legacy package. Use iftex instead.
(c:/Users/ludam/progPerso/texlive/2020/texmf-dist/tex/generic/iftex/iftex.sty
Package: iftex 2020/03/06 v1.0d TeX engine tests
))
(c:/Users/ludam/progPerso/texlive/2020/texmf-dist/tex/generic/iftex/ifluatex.st
y
Package: ifluatex 2019/10/25 v1.5 ifluatex legacy package. Use iftex instead.
)
(c:/Users/ludam/progPerso/texlive/2020/texmf-dist/tex/latex/xkeyval/xkeyval.sty
Package: xkeyval 2020/11/20 v2.8 package option processing (HA)

(c:/Users/ludam/progPerso/texlive/2020/texmf-dist/tex/generic/xkeyval/xkeyval.t
ex
(c:/Users/ludam/progPerso/texlive/2020/texmf-dist/tex/generic/xkeyval/xkvutils.
tex
\XKV@toks=\toks31
\XKV@tempa@toks=\toks32
)
\XKV@depth=\count283
File: xkeyval.tex 2014/12/03 v2.7a key=value parser (HA)
))
(c:/Users/ludam/progPerso/texlive/2020/texmf-dist/tex/latex/oberdiek/centernot.
sty
Package: centernot 2016/05/16 v1.4 Centers the not symbol horizontally (HO)
)
\tx@cntz=\count284

(c:/Users/ludam/progPerso/texlive/2020/texmf-dist/tex/generic/kastrup/binhex.te
x)
\tx@Isdigit=\count285
\tx@IsAlNum=\count286
\tx@tA=\toks33
\tx@tB=\toks34
\tx@su=\read3
LaTeX Font Info:    Redeclaring symbol font `operators' on input line 360.
LaTeX Font Info:    Overwriting symbol font `operators' in version `normal'
(Font)                  OT1/cmr/m/n --> OT1/cmr/m/n on input line 360.
LaTeX Font Info:    Overwriting symbol font `operators' in version `bold'
(Font)                  OT1/cmr/bx/n --> OT1/cmr/m/n on input line 360.
LaTeX Font Info:    Overwriting symbol font `operators' in version `bold'
(Font)                  OT1/cmr/m/n --> OT1/cmr/b/n on input line 361.
LaTeX Font Info:    Redeclaring math alphabet \mathsf on input line 369.
LaTeX Font Info:    Overwriting math alphabet `\mathsf' in version `normal'
(Font)                  OT1/cmss/m/n --> T1/cmss/m/n on input line 369.
LaTeX Font Info:    Overwriting math alphabet `\mathsf' in version `bold'
(Font)                  OT1/cmss/bx/n --> T1/cmss/m/n on input line 369.
LaTeX Font Info:    Redeclaring math alphabet \mathit on input line 370.
LaTeX Font Info:    Overwriting math alphabet `\mathit' in version `normal'
(Font)                  OT1/cmr/m/it --> OT1/cmr/m/it on input line 370.
LaTeX Font Info:    Overwriting math alphabet `\mathit' in version `bold'
(Font)                  OT1/cmr/bx/it --> OT1/cmr/m/it on input line 370.
LaTeX Font Info:    Redeclaring math alphabet \mathtt on input line 371.
LaTeX Font Info:    Overwriting math alphabet `\mathtt' in version `normal'
(Font)                  OT1/cmtt/m/n --> T1/cmtt/m/n on input line 371.
LaTeX Font Info:    Overwriting math alphabet `\mathtt' in version `bold'
(Font)                  OT1/cmtt/m/n --> T1/cmtt/m/n on input line 371.
LaTeX Font Info:    Redeclaring math alphabet \mathbf on input line 373.
LaTeX Font Info:    Overwriting math alphabet `\mathbf' in version `normal'
(Font)                  OT1/cmr/bx/n --> OT1/cmr/b/n on input line 373.
LaTeX Font Info:    Overwriting math alphabet `\mathbf' in version `bold'
(Font)                  OT1/cmr/bx/n --> OT1/cmr/b/n on input line 373.
LaTeX Font Info:    Overwriting math alphabet `\mathit' in version `bold'
(Font)                  OT1/cmr/m/it --> OT1/cmr/b/it on input line 374.
LaTeX Font Info:    Overwriting math alphabet `\mathsf' in version `bold'
(Font)                  T1/cmss/m/n --> T1/cmss/b/n on input line 375.
LaTeX Font Info:    Overwriting math alphabet `\mathtt' in version `bold'
(Font)                  T1/cmtt/m/n --> T1/cmtt/b/n on input line 376.
LaTeX Font Info:    Redeclaring symbol font `letters' on input line 477.
LaTeX Font Info:    Overwriting symbol font `letters' in version `normal'
(Font)                  OML/cmm/m/it --> OML/ntxmi/m/it on input line 477.
LaTeX Font Info:    Overwriting symbol font `letters' in version `bold'
(Font)                  OML/cmm/b/it --> OML/ntxmi/m/it on input line 477.
LaTeX Font Info:    Overwriting symbol font `letters' in version `bold'
(Font)                  OML/ntxmi/m/it --> OML/ntxmi/b/it on input line 478.
\symlettersA=\mathgroup7
LaTeX Font Info:    Overwriting symbol font `lettersA' in version `bold'
(Font)                  U/ntxmia/m/it --> U/ntxmia/b/it on input line 542.
LaTeX Font Info:    Redeclaring math alphabet \mathfrak on input line 544.
Now handling font encoding LMS ...
... no UTF-8 mapping file for font encoding LMS
LaTeX Font Info:    Redeclaring symbol font `symbols' on input line 563.
LaTeX Font Info:    Encoding `OMS' has changed to `LMS' for symbol font
(Font)              `symbols' in the math version `normal' on input line 563.
LaTeX Font Info:    Overwriting symbol font `symbols' in version `normal'
(Font)                  OMS/cmsy/m/n --> LMS/ntxsy/m/n on input line 563.
LaTeX Font Info:    Encoding `OMS' has changed to `LMS' for symbol font
(Font)              `symbols' in the math version `bold' on input line 563.
LaTeX Font Info:    Overwriting symbol font `symbols' in version `bold'
(Font)                  OMS/cmsy/b/n --> LMS/ntxsy/m/n on input line 563.
LaTeX Font Info:    Overwriting symbol font `symbols' in version `bold'
(Font)                  LMS/ntxsy/m/n --> LMS/ntxsy/b/n on input line 564.
\symAMSm=\mathgroup8
LaTeX Font Info:    Overwriting symbol font `AMSm' in version `bold'
(Font)                  U/ntxsym/m/n --> U/ntxsym/b/n on input line 587.
\symsymbolsC=\mathgroup9
LaTeX Font Info:    Overwriting symbol font `symbolsC' in version `bold'
(Font)                  U/ntxsyc/m/n --> U/ntxsyc/b/n on input line 608.
Now handling font encoding LMX ...
... no UTF-8 mapping file for font encoding LMX
LaTeX Font Info:    Redeclaring symbol font `largesymbols' on input line 621.
LaTeX Font Info:    Encoding `OMX' has changed to `LMX' for symbol font
(Font)              `largesymbols' in the math version `normal' on input line 6
21.
LaTeX Font Info:    Overwriting symbol font `largesymbols' in version `normal'
(Font)                  OMX/cmex/m/n --> LMX/ntxexx/m/n on input line 621.
LaTeX Font Info:    Encoding `OMX' has changed to `LMX' for symbol font
(Font)              `largesymbols' in the math version `bold' on input line 621
.
LaTeX Font Info:    Overwriting symbol font `largesymbols' in version `bold'
(Font)                  OMX/cmex/m/n --> LMX/ntxexx/m/n on input line 621.
LaTeX Font Info:    Overwriting symbol font `largesymbols' in version `bold'
(Font)                  LMX/ntxexx/m/n --> LMX/ntxexx/b/n on input line 622.
\symlargesymbolsTXA=\mathgroup10
LaTeX Font Info:    Overwriting symbol font `largesymbolsTXA' in version `bold'

(Font)                  U/ntxexa/m/n --> U/ntxexa/b/n on input line 636.
\tx@sbptoks=\toks35
LaTeX Font Info:    Redeclaring math delimiter \lfloor on input line 858.
LaTeX Font Info:    Redeclaring math delimiter \rfloor on input line 859.
LaTeX Font Info:    Redeclaring math delimiter \lceil on input line 860.
LaTeX Font Info:    Redeclaring math delimiter \rceil on input line 861.
LaTeX Font Info:    Redeclaring math delimiter \lbrace on input line 862.
LaTeX Font Info:    Redeclaring math delimiter \rbrace on input line 863.
LaTeX Font Info:    Redeclaring math delimiter \langle on input line 864.
LaTeX Font Info:    Redeclaring math delimiter \rangle on input line 866.
LaTeX Font Info:    Redeclaring math delimiter \arrowvert on input line 870.
LaTeX Font Info:    Redeclaring math delimiter \vert on input line 871.
LaTeX Font Info:    Redeclaring math accent \dot on input line 942.
LaTeX Font Info:    Redeclaring math accent \ddot on input line 943.
LaTeX Font Info:    Redeclaring math accent \vec on input line 2006.
LaTeX Font Info:    Redeclaring math symbol \imathscr on input line 2646.
LaTeX Font Info:    Redeclaring math symbol \jmathscr on input line 2647.
LaTeX Info: Redefining \Bbbk on input line 2780.
LaTeX Info: Redefining \not on input line 2929.
LaTeX Info: Redefining \textsquare on input line 2959.
LaTeX Info: Redefining \openbox on input line 2961.
)
(c:/Users/ludam/progPerso/texlive/2020/texmf-dist/tex/latex/fira/FiraSans.sty
Package: FiraSans 2019/10/10 (Bob Tennent and autoinst) Style file for Fira San
s fonts.

(c:/Users/ludam/progPerso/texlive/2020/texmf-dist/tex/latex/base/textcomp.sty
Package: textcomp 2020/02/02 v2.0n Standard LaTeX package
)
(c:/Users/ludam/progPerso/texlive/2020/texmf-dist/tex/latex/fontaxes/fontaxes.s
ty
Package: fontaxes 2020/07/21 v1.0e Font selection axes
LaTeX Info: Redefining \upshape on input line 29.
LaTeX Info: Redefining \itshape on input line 31.
LaTeX Info: Redefining \slshape on input line 33.
LaTeX Info: Redefining \swshape on input line 35.
LaTeX Info: Redefining \scshape on input line 37.
LaTeX Info: Redefining \sscshape on input line 39.
LaTeX Info: Redefining \ulcshape on input line 41.
LaTeX Info: Redefining \textsw on input line 47.
LaTeX Info: Redefining \textssc on input line 48.
LaTeX Info: Redefining \textulc on input line 49.
))
(c:/Users/ludam/progPerso/texlive/2020/texmf-dist/tex/latex/tools/multicol.sty
Package: multicol 2019/12/09 v1.8y multicolumn formatting (FMi)
\c@tracingmulticols=\count287
\mult@box=\box51
\multicol@leftmargin=\dimen161
\c@unbalance=\count288
\c@collectmore=\count289
\doublecol@number=\count290
\multicoltolerance=\count291
\multicolpretolerance=\count292
\full@width=\dimen162
\page@free=\dimen163
\premulticols=\dimen164
\postmulticols=\dimen165
\multicolsep=\skip55
\multicolbaselineskip=\skip56
\partial@page=\box52
\last@line=\box53
\maxbalancingoverflow=\dimen166
\mult@rightbox=\box54
\mult@grightbox=\box55
\mult@gfirstbox=\box56
\mult@firstbox=\box57
\@tempa=\box58
\@tempa=\box59
\@tempa=\box60
\@tempa=\box61
\@tempa=\box62
\@tempa=\box63
\@tempa=\box64
\@tempa=\box65
\@tempa=\box66
\@tempa=\box67
\@tempa=\box68
\@tempa=\box69
\@tempa=\box70
\@tempa=\box71
\@tempa=\box72
\@tempa=\box73
\@tempa=\box74
\@tempa=\box75
\@tempa=\box76
\@tempa=\box77
\@tempa=\box78
\@tempa=\box79
\@tempa=\box80
\@tempa=\box81
\@tempa=\box82
\@tempa=\box83
\@tempa=\box84
\@tempa=\box85
\@tempa=\box86
\@tempa=\box87
\@tempa=\box88
\@tempa=\box89
\@tempa=\box90
\@tempa=\box91
\@tempa=\box92
\@tempa=\box93
\@tempa=\box94
\c@minrows=\count293
\c@columnbadness=\count294
\c@finalcolumnbadness=\count295
\last@try=\dimen167
\multicolovershoot=\dimen168
\multicolundershoot=\dimen169
\mult@nat@firstbox=\box95
\colbreak@box=\box96
\mc@col@check@num=\count296
)
(c:/Users/ludam/progPerso/texlive/2020/texmf-dist/tex/latex/hyperref/hyperref.s
ty
Package: hyperref 2021-02-27 v7.00k Hypertext links for LaTeX

(c:/Users/ludam/progPerso/texlive/2020/texmf-dist/tex/generic/ltxcmds/ltxcmds.s
ty
Package: ltxcmds 2020-05-10 v1.25 LaTeX kernel commands for general use (HO)
)
(c:/Users/ludam/progPerso/texlive/2020/texmf-dist/tex/generic/pdftexcmds/pdftex
cmds.sty
Package: pdftexcmds 2020-06-27 v0.33 Utility functions of pdfTeX for LuaTeX (HO
)

(c:/Users/ludam/progPerso/texlive/2020/texmf-dist/tex/generic/infwarerr/infware
rr.sty
Package: infwarerr 2019/12/03 v1.5 Providing info/warning/error messages (HO)
)
Package pdftexcmds Info: \pdf@primitive is available.
Package pdftexcmds Info: \pdf@ifprimitive is available.
Package pdftexcmds Info: \pdfdraftmode found.
)
(c:/Users/ludam/progPerso/texlive/2020/texmf-dist/tex/generic/kvsetkeys/kvsetke
ys.sty
Package: kvsetkeys 2019/12/15 v1.18 Key value parser (HO)
)
(c:/Users/ludam/progPerso/texlive/2020/texmf-dist/tex/generic/kvdefinekeys/kvde
finekeys.sty
Package: kvdefinekeys 2019-12-19 v1.6 Define keys (HO)
)
(c:/Users/ludam/progPerso/texlive/2020/texmf-dist/tex/generic/pdfescape/pdfesca
pe.sty
Package: pdfescape 2019/12/09 v1.15 Implements pdfTeX's escape features (HO)
)
(c:/Users/ludam/progPerso/texlive/2020/texmf-dist/tex/latex/hycolor/hycolor.sty
Package: hycolor 2020-01-27 v1.10 Color options for hyperref/bookmark (HO)
)
(c:/Users/ludam/progPerso/texlive/2020/texmf-dist/tex/latex/letltxmacro/letltxm
acro.sty
Package: letltxmacro 2019/12/03 v1.6 Let assignment for LaTeX macros (HO)
)
(c:/Users/ludam/progPerso/texlive/2020/texmf-dist/tex/latex/auxhook/auxhook.sty
Package: auxhook 2019-12-17 v1.6 Hooks for auxiliary files (HO)
)
(c:/Users/ludam/progPerso/texlive/2020/texmf-dist/tex/latex/kvoptions/kvoptions
.sty
Package: kvoptions 2020-10-07 v3.14 Key value format for package options (HO)
)
\@linkdim=\dimen170
\Hy@linkcounter=\count297
\Hy@pagecounter=\count298

(c:/Users/ludam/progPerso/texlive/2020/texmf-dist/tex/latex/hyperref/pd1enc.def
File: pd1enc.def 2021-02-27 v7.00k Hyperref: PDFDocEncoding definition (HO)
Now handling font encoding PD1 ...
... no UTF-8 mapping file for font encoding PD1
)
(c:/Users/ludam/progPerso/texlive/2020/texmf-dist/tex/latex/hyperref/hyperref-l
angpatches.def
File: hyperref-langpatches.def 2021-02-27 v7.00k Hyperref: patches for babel la
nguages
)
(c:/Users/ludam/progPerso/texlive/2020/texmf-dist/tex/generic/intcalc/intcalc.s
ty
Package: intcalc 2019/12/15 v1.3 Expandable calculations with integers (HO)
)
(c:/Users/ludam/progPerso/texlive/2020/texmf-dist/tex/generic/etexcmds/etexcmds
.sty
Package: etexcmds 2019/12/15 v1.7 Avoid name clashes with e-TeX commands (HO)
)
\Hy@SavedSpaceFactor=\count299

(c:/Users/ludam/progPerso/texlive/2020/texmf-dist/tex/latex/hyperref/puenc.def
File: puenc.def 2021-02-27 v7.00k Hyperref: PDF Unicode definition (HO)
Now handling font encoding PU ...
... no UTF-8 mapping file for font encoding PU
)
Package hyperref Info: Hyper figures OFF on input line 4192.
Package hyperref Info: Link nesting OFF on input line 4197.
Package hyperref Info: Hyper index ON on input line 4200.
Package hyperref Info: Plain pages OFF on input line 4207.
Package hyperref Info: Backreferencing OFF on input line 4212.
Package hyperref Info: Implicit mode ON; LaTeX internals redefined.
Package hyperref Info: Bookmarks ON on input line 4445.
\c@Hy@tempcnt=\count300
(c:/Users/ludam/progPerso/texlive/2020/texmf-dist/tex/latex/url/url.sty
\Urlmuskip=\muskip17
Package: url 2013/09/16  ver 3.4  Verb mode for urls, etc.
)
LaTeX Info: Redefining \url on input line 4804.
\XeTeXLinkMargin=\dimen171

(c:/Users/ludam/progPerso/texlive/2020/texmf-dist/tex/generic/bitset/bitset.sty
Package: bitset 2019/12/09 v1.3 Handle bit-vector datatype (HO)

(c:/Users/ludam/progPerso/texlive/2020/texmf-dist/tex/generic/bigintcalc/bigint
calc.sty
Package: bigintcalc 2019/12/15 v1.5 Expandable calculations on big integers (HO
)
))
\Fld@menulength=\count301
\Field@Width=\dimen172
\Fld@charsize=\dimen173
Package hyperref Info: Hyper figures OFF on input line 6075.
Package hyperref Info: Link nesting OFF on input line 6080.
Package hyperref Info: Hyper index ON on input line 6083.
Package hyperref Info: backreferencing OFF on input line 6090.
Package hyperref Info: Link coloring OFF on input line 6095.
Package hyperref Info: Link coloring with OCG OFF on input line 6100.
Package hyperref Info: PDF/A mode OFF on input line 6105.
LaTeX Info: Redefining \ref on input line 6145.
LaTeX Info: Redefining \pageref on input line 6149.

(c:/Users/ludam/progPerso/texlive/2020/texmf-dist/tex/latex/base/atbegshi-ltx.s
ty
Package: atbegshi-ltx 2020/08/17 v1.0a Emulation of the original atbegshi packa
ge
with kernel methods
)
\Hy@abspage=\count302
\c@Item=\count303
\c@Hfootnote=\count304
)
Package hyperref Info: Driver (autodetected): hpdftex.

(c:/Users/ludam/progPerso/texlive/2020/texmf-dist/tex/latex/hyperref/hpdftex.de
f
File: hpdftex.def 2021-02-27 v7.00k Hyperref driver for pdfTeX

(c:/Users/ludam/progPerso/texlive/2020/texmf-dist/tex/latex/base/atveryend-ltx.
sty
Package: atveryend-ltx 2020/08/19 v1.0a Emulation of the original atvery packag
e
with kernel methods
)
\Fld@listcount=\count305
\c@bookmark@seq@number=\count306

(c:/Users/ludam/progPerso/texlive/2020/texmf-dist/tex/latex/rerunfilecheck/reru
nfilecheck.sty
Package: rerunfilecheck 2019/12/05 v1.9 Rerun checks for auxiliary files (HO)

(c:/Users/ludam/progPerso/texlive/2020/texmf-dist/tex/generic/uniquecounter/uni
quecounter.sty
Package: uniquecounter 2019/12/15 v1.4 Provide unlimited unique counter (HO)
)
Package uniquecounter Info: New unique counter `rerunfilecheck' on input line 2
86.
)
\Hy@SectionHShift=\skip57
)
(c:/Users/ludam/progPerso/texlive/2020/texmf-dist/tex/latex/fancyhdr/fancyhdr.s
ty
Package: fancyhdr 2021/01/28 v4.0.1 Extensive control of page headers and foote
rs
\f@nch@headwidth=\skip58
\f@nch@O@elh=\skip59
\f@nch@O@erh=\skip60
\f@nch@O@olh=\skip61
\f@nch@O@orh=\skip62
\f@nch@O@elf=\skip63
\f@nch@O@erf=\skip64
\f@nch@O@olf=\skip65
\f@nch@O@orf=\skip66
)
(c:/Users/ludam/progPerso/texlive/2020/texmf-dist/tex/latex/tools/tabularx.sty
Package: tabularx 2020/01/15 v2.11c `tabularx' package (DPC)

(c:/Users/ludam/progPerso/texlive/2020/texmf-dist/tex/latex/tools/array.sty
Package: array 2020/10/01 v2.5c Tabular extension package (FMi)
\col@sep=\dimen174
\ar@mcellbox=\box97
\extrarowheight=\dimen175
\NC@list=\toks36
\extratabsurround=\skip67
\backup@length=\skip68
\ar@cellbox=\box98
)
\TX@col@width=\dimen176
\TX@old@table=\dimen177
\TX@old@col=\dimen178
\TX@target=\dimen179
\TX@delta=\dimen180
\TX@cols=\count307
\TX@ftn=\toks37
)
(c:/Users/ludam/progPerso/texlive/2020/texmf-dist/tex/latex/graphics/graphicx.s
ty
Package: graphicx 2020/09/09 v1.2b Enhanced LaTeX Graphics (DPC,SPQR)

(c:/Users/ludam/progPerso/texlive/2020/texmf-dist/tex/latex/graphics/graphics.s
ty
Package: graphics 2020/08/30 v1.4c Standard LaTeX Graphics (DPC,SPQR)

(c:/Users/ludam/progPerso/texlive/2020/texmf-dist/tex/latex/graphics/trig.sty
Package: trig 2016/01/03 v1.10 sin cos tan (DPC)
)
(c:/Users/ludam/progPerso/texlive/2020/texmf-dist/tex/latex/graphics-cfg/graphi
cs.cfg
File: graphics.cfg 2016/06/04 v1.11 sample graphics configuration
)
Package graphics Info: Driver file: pdftex.def on input line 105.
)
\Gin@req@height=\dimen181
\Gin@req@width=\dimen182
)
(c:/Users/ludam/progPerso/texlive/2020/texmf-dist/tex/latex/enumitem/enumitem.s
ty
Package: enumitem 2019/06/20 v3.9 Customized lists
\labelindent=\skip69
\enit@outerparindent=\dimen183
\enit@toks=\toks38
\enit@inbox=\box99
\enit@count@id=\count308
\enitdp@description=\count309
)
(c:/Users/ludam/progPerso/texlive/2020/texmf-dist/tex/latex/geometry/geometry.s
ty
Package: geometry 2020/01/02 v5.9 Page Geometry

(c:/Users/ludam/progPerso/texlive/2020/texmf-dist/tex/generic/iftex/ifvtex.sty
Package: ifvtex 2019/10/25 v1.7 ifvtex legacy package. Use iftex instead.
)
\Gm@cnth=\count310
\Gm@cntv=\count311
\c@Gm@tempcnt=\count312
\Gm@bindingoffset=\dimen184
\Gm@wd@mp=\dimen185
\Gm@odd@mp=\dimen186
\Gm@even@mp=\dimen187
\Gm@layoutwidth=\dimen188
\Gm@layoutheight=\dimen189
\Gm@layouthoffset=\dimen190
\Gm@layoutvoffset=\dimen191
\Gm@dimlist=\toks39
)
(c:/Users/ludam/progPerso/texlive/2020/texmf-dist/tex/latex/lastpage/lastpage.s
ty
Package: lastpage 2015/03/29 v1.2m Refers to last page's name (HMM; JPG)
)
(c:/Users/ludam/progPerso/texlive/2020/texmf-dist/tex/generic/iftex/ifpdf.sty
Package: ifpdf 2019/10/25 v3.4 ifpdf legacy package. Use iftex instead.
)
(c:/Users/ludam/progPerso/texlive/2020/texmf-dist/tex/latex/bclogo/bclogo.sty
Package: bclogo 2016/01/10 v3.1
\bc@invboxh=\skip70
\bc@invboxd=\skip71
\bc@titleLength=\skip72
\logowidth=\skip73

(c:/Users/ludam/progPerso/texlive/2020/texmf-dist/tex/latex/pgf/frontendlayer/t
ikz.sty
(c:/Users/ludam/progPerso/texlive/2020/texmf-dist/tex/latex/pgf/basiclayer/pgf.
sty
(c:/Users/ludam/progPerso/texlive/2020/texmf-dist/tex/latex/pgf/utilities/pgfrc
s.sty
(c:/Users/ludam/progPerso/texlive/2020/texmf-dist/tex/generic/pgf/utilities/pgf
util-common.tex
\pgfutil@everybye=\toks40
\pgfutil@tempdima=\dimen192
\pgfutil@tempdimb=\dimen193

(c:/Users/ludam/progPerso/texlive/2020/texmf-dist/tex/generic/pgf/utilities/pgf
util-common-lists.tex))
(c:/Users/ludam/progPerso/texlive/2020/texmf-dist/tex/generic/pgf/utilities/pgf
util-latex.def
\pgfutil@abb=\box100
)
(c:/Users/ludam/progPerso/texlive/2020/texmf-dist/tex/generic/pgf/utilities/pgf
rcs.code.tex
(c:/Users/ludam/progPerso/texlive/2020/texmf-dist/tex/generic/pgf/pgf.revision.
tex)
Package: pgfrcs 2020/12/27 v3.1.8b (3.1.8b)
))
Package: pgf 2020/12/27 v3.1.8b (3.1.8b)

(c:/Users/ludam/progPerso/texlive/2020/texmf-dist/tex/latex/pgf/basiclayer/pgfc
ore.sty
(c:/Users/ludam/progPerso/texlive/2020/texmf-dist/tex/latex/pgf/systemlayer/pgf
sys.sty
(c:/Users/ludam/progPerso/texlive/2020/texmf-dist/tex/generic/pgf/systemlayer/p
gfsys.code.tex
Package: pgfsys 2020/12/27 v3.1.8b (3.1.8b)

(c:/Users/ludam/progPerso/texlive/2020/texmf-dist/tex/generic/pgf/utilities/pgf
keys.code.tex
\pgfkeys@pathtoks=\toks41
\pgfkeys@temptoks=\toks42

(c:/Users/ludam/progPerso/texlive/2020/texmf-dist/tex/generic/pgf/utilities/pgf
keysfiltered.code.tex
\pgfkeys@tmptoks=\toks43
))
\pgf@x=\dimen194
\pgf@y=\dimen195
\pgf@xa=\dimen196
\pgf@ya=\dimen197
\pgf@xb=\dimen198
\pgf@yb=\dimen199
\pgf@xc=\dimen256
\pgf@yc=\dimen257
\pgf@xd=\dimen258
\pgf@yd=\dimen259
\w@pgf@writea=\write3
\r@pgf@reada=\read4
\c@pgf@counta=\count313
\c@pgf@countb=\count314
\c@pgf@countc=\count315
\c@pgf@countd=\count316
\t@pgf@toka=\toks44
\t@pgf@tokb=\toks45
\t@pgf@tokc=\toks46
\pgf@sys@id@count=\count317

(c:/Users/ludam/progPerso/texlive/2020/texmf-dist/tex/generic/pgf/systemlayer/p
gf.cfg
File: pgf.cfg 2020/12/27 v3.1.8b (3.1.8b)
)
Driver file for pgf: pgfsys-pdftex.def

(c:/Users/ludam/progPerso/texlive/2020/texmf-dist/tex/generic/pgf/systemlayer/p
gfsys-pdftex.def
File: pgfsys-pdftex.def 2020/12/27 v3.1.8b (3.1.8b)

(c:/Users/ludam/progPerso/texlive/2020/texmf-dist/tex/generic/pgf/systemlayer/p
gfsys-common-pdf.def
File: pgfsys-common-pdf.def 2020/12/27 v3.1.8b (3.1.8b)
)))
(c:/Users/ludam/progPerso/texlive/2020/texmf-dist/tex/generic/pgf/systemlayer/p
gfsyssoftpath.code.tex
File: pgfsyssoftpath.code.tex 2020/12/27 v3.1.8b (3.1.8b)
\pgfsyssoftpath@smallbuffer@items=\count318
\pgfsyssoftpath@bigbuffer@items=\count319
)
(c:/Users/ludam/progPerso/texlive/2020/texmf-dist/tex/generic/pgf/systemlayer/p
gfsysprotocol.code.tex
File: pgfsysprotocol.code.tex 2020/12/27 v3.1.8b (3.1.8b)
))
(c:/Users/ludam/progPerso/texlive/2020/texmf-dist/tex/generic/pgf/basiclayer/pg
fcore.code.tex
Package: pgfcore 2020/12/27 v3.1.8b (3.1.8b)

(c:/Users/ludam/progPerso/texlive/2020/texmf-dist/tex/generic/pgf/math/pgfmath.
code.tex
(c:/Users/ludam/progPerso/texlive/2020/texmf-dist/tex/generic/pgf/math/pgfmathc
alc.code.tex
(c:/Users/ludam/progPerso/texlive/2020/texmf-dist/tex/generic/pgf/math/pgfmathu
til.code.tex)
(c:/Users/ludam/progPerso/texlive/2020/texmf-dist/tex/generic/pgf/math/pgfmathp
arser.code.tex
\pgfmath@dimen=\dimen260
\pgfmath@count=\count320
\pgfmath@box=\box101
\pgfmath@toks=\toks47
\pgfmath@stack@operand=\toks48
\pgfmath@stack@operation=\toks49
)
(c:/Users/ludam/progPerso/texlive/2020/texmf-dist/tex/generic/pgf/math/pgfmathf
unctions.code.tex
(c:/Users/ludam/progPerso/texlive/2020/texmf-dist/tex/generic/pgf/math/pgfmathf
unctions.basic.code.tex)
(c:/Users/ludam/progPerso/texlive/2020/texmf-dist/tex/generic/pgf/math/pgfmathf
unctions.trigonometric.code.tex)
(c:/Users/ludam/progPerso/texlive/2020/texmf-dist/tex/generic/pgf/math/pgfmathf
unctions.random.code.tex)
(c:/Users/ludam/progPerso/texlive/2020/texmf-dist/tex/generic/pgf/math/pgfmathf
unctions.comparison.code.tex)
(c:/Users/ludam/progPerso/texlive/2020/texmf-dist/tex/generic/pgf/math/pgfmathf
unctions.base.code.tex)
(c:/Users/ludam/progPerso/texlive/2020/texmf-dist/tex/generic/pgf/math/pgfmathf
unctions.round.code.tex)
(c:/Users/ludam/progPerso/texlive/2020/texmf-dist/tex/generic/pgf/math/pgfmathf
unctions.misc.code.tex)
(c:/Users/ludam/progPerso/texlive/2020/texmf-dist/tex/generic/pgf/math/pgfmathf
unctions.integerarithmetics.code.tex)))
(c:/Users/ludam/progPerso/texlive/2020/texmf-dist/tex/generic/pgf/math/pgfmathf
loat.code.tex
\c@pgfmathroundto@lastzeros=\count321
))
(c:/Users/ludam/progPerso/texlive/2020/texmf-dist/tex/generic/pgf/math/pgfint.c
ode.tex)
(c:/Users/ludam/progPerso/texlive/2020/texmf-dist/tex/generic/pgf/basiclayer/pg
fcorepoints.code.tex
File: pgfcorepoints.code.tex 2020/12/27 v3.1.8b (3.1.8b)
\pgf@picminx=\dimen261
\pgf@picmaxx=\dimen262
\pgf@picminy=\dimen263
\pgf@picmaxy=\dimen264
\pgf@pathminx=\dimen265
\pgf@pathmaxx=\dimen266
\pgf@pathminy=\dimen267
\pgf@pathmaxy=\dimen268
\pgf@xx=\dimen269
\pgf@xy=\dimen270
\pgf@yx=\dimen271
\pgf@yy=\dimen272
\pgf@zx=\dimen273
\pgf@zy=\dimen274
)
(c:/Users/ludam/progPerso/texlive/2020/texmf-dist/tex/generic/pgf/basiclayer/pg
fcorepathconstruct.code.tex
File: pgfcorepathconstruct.code.tex 2020/12/27 v3.1.8b (3.1.8b)
\pgf@path@lastx=\dimen275
\pgf@path@lasty=\dimen276
)
(c:/Users/ludam/progPerso/texlive/2020/texmf-dist/tex/generic/pgf/basiclayer/pg
fcorepathusage.code.tex
File: pgfcorepathusage.code.tex 2020/12/27 v3.1.8b (3.1.8b)
\pgf@shorten@end@additional=\dimen277
\pgf@shorten@start@additional=\dimen278
)
(c:/Users/ludam/progPerso/texlive/2020/texmf-dist/tex/generic/pgf/basiclayer/pg
fcorescopes.code.tex
File: pgfcorescopes.code.tex 2020/12/27 v3.1.8b (3.1.8b)
\pgfpic=\box102
\pgf@hbox=\box103
\pgf@layerbox@main=\box104
\pgf@picture@serial@count=\count322
)
(c:/Users/ludam/progPerso/texlive/2020/texmf-dist/tex/generic/pgf/basiclayer/pg
fcoregraphicstate.code.tex
File: pgfcoregraphicstate.code.tex 2020/12/27 v3.1.8b (3.1.8b)
\pgflinewidth=\dimen279
)
(c:/Users/ludam/progPerso/texlive/2020/texmf-dist/tex/generic/pgf/basiclayer/pg
fcoretransformations.code.tex
File: pgfcoretransformations.code.tex 2020/12/27 v3.1.8b (3.1.8b)
\pgf@pt@x=\dimen280
\pgf@pt@y=\dimen281
\pgf@pt@temp=\dimen282
)
(c:/Users/ludam/progPerso/texlive/2020/texmf-dist/tex/generic/pgf/basiclayer/pg
fcorequick.code.tex
File: pgfcorequick.code.tex 2020/12/27 v3.1.8b (3.1.8b)
)
(c:/Users/ludam/progPerso/texlive/2020/texmf-dist/tex/generic/pgf/basiclayer/pg
fcoreobjects.code.tex
File: pgfcoreobjects.code.tex 2020/12/27 v3.1.8b (3.1.8b)
)
(c:/Users/ludam/progPerso/texlive/2020/texmf-dist/tex/generic/pgf/basiclayer/pg
fcorepathprocessing.code.tex
File: pgfcorepathprocessing.code.tex 2020/12/27 v3.1.8b (3.1.8b)
)
(c:/Users/ludam/progPerso/texlive/2020/texmf-dist/tex/generic/pgf/basiclayer/pg
fcorearrows.code.tex
File: pgfcorearrows.code.tex 2020/12/27 v3.1.8b (3.1.8b)
\pgfarrowsep=\dimen283
)
(c:/Users/ludam/progPerso/texlive/2020/texmf-dist/tex/generic/pgf/basiclayer/pg
fcoreshade.code.tex
File: pgfcoreshade.code.tex 2020/12/27 v3.1.8b (3.1.8b)
\pgf@max=\dimen284
\pgf@sys@shading@range@num=\count323
\pgf@shadingcount=\count324
)
(c:/Users/ludam/progPerso/texlive/2020/texmf-dist/tex/generic/pgf/basiclayer/pg
fcoreimage.code.tex
File: pgfcoreimage.code.tex 2020/12/27 v3.1.8b (3.1.8b)

(c:/Users/ludam/progPerso/texlive/2020/texmf-dist/tex/generic/pgf/basiclayer/pg
fcoreexternal.code.tex
File: pgfcoreexternal.code.tex 2020/12/27 v3.1.8b (3.1.8b)
\pgfexternal@startupbox=\box105
))
(c:/Users/ludam/progPerso/texlive/2020/texmf-dist/tex/generic/pgf/basiclayer/pg
fcorelayers.code.tex
File: pgfcorelayers.code.tex 2020/12/27 v3.1.8b (3.1.8b)
)
(c:/Users/ludam/progPerso/texlive/2020/texmf-dist/tex/generic/pgf/basiclayer/pg
fcoretransparency.code.tex
File: pgfcoretransparency.code.tex 2020/12/27 v3.1.8b (3.1.8b)
)
(c:/Users/ludam/progPerso/texlive/2020/texmf-dist/tex/generic/pgf/basiclayer/pg
fcorepatterns.code.tex
File: pgfcorepatterns.code.tex 2020/12/27 v3.1.8b (3.1.8b)
)
(c:/Users/ludam/progPerso/texlive/2020/texmf-dist/tex/generic/pgf/basiclayer/pg
fcorerdf.code.tex
File: pgfcorerdf.code.tex 2020/12/27 v3.1.8b (3.1.8b)
)))
(c:/Users/ludam/progPerso/texlive/2020/texmf-dist/tex/generic/pgf/modules/pgfmo
duleshapes.code.tex
File: pgfmoduleshapes.code.tex 2020/12/27 v3.1.8b (3.1.8b)
\pgfnodeparttextbox=\box106
)
(c:/Users/ludam/progPerso/texlive/2020/texmf-dist/tex/generic/pgf/modules/pgfmo
duleplot.code.tex
File: pgfmoduleplot.code.tex 2020/12/27 v3.1.8b (3.1.8b)
)
(c:/Users/ludam/progPerso/texlive/2020/texmf-dist/tex/latex/pgf/compatibility/p
gfcomp-version-0-65.sty
Package: pgfcomp-version-0-65 2020/12/27 v3.1.8b (3.1.8b)
\pgf@nodesepstart=\dimen285
\pgf@nodesepend=\dimen286
)
(c:/Users/ludam/progPerso/texlive/2020/texmf-dist/tex/latex/pgf/compatibility/p
gfcomp-version-1-18.sty
Package: pgfcomp-version-1-18 2020/12/27 v3.1.8b (3.1.8b)
))
(c:/Users/ludam/progPerso/texlive/2020/texmf-dist/tex/latex/pgf/utilities/pgffo
r.sty
(c:/Users/ludam/progPerso/texlive/2020/texmf-dist/tex/latex/pgf/utilities/pgfke
ys.sty
(c:/Users/ludam/progPerso/texlive/2020/texmf-dist/tex/generic/pgf/utilities/pgf
keys.code.tex))
(c:/Users/ludam/progPerso/texlive/2020/texmf-dist/tex/latex/pgf/math/pgfmath.st
y
(c:/Users/ludam/progPerso/texlive/2020/texmf-dist/tex/generic/pgf/math/pgfmath.
code.tex))
(c:/Users/ludam/progPerso/texlive/2020/texmf-dist/tex/generic/pgf/utilities/pgf
for.code.tex
Package: pgffor 2020/12/27 v3.1.8b (3.1.8b)

(c:/Users/ludam/progPerso/texlive/2020/texmf-dist/tex/generic/pgf/math/pgfmath.
code.tex)
\pgffor@iter=\dimen287
\pgffor@skip=\dimen288
\pgffor@stack=\toks50
\pgffor@toks=\toks51
))
(c:/Users/ludam/progPerso/texlive/2020/texmf-dist/tex/generic/pgf/frontendlayer
/tikz/tikz.code.tex
Package: tikz 2020/12/27 v3.1.8b (3.1.8b)

(c:/Users/ludam/progPerso/texlive/2020/texmf-dist/tex/generic/pgf/libraries/pgf
libraryplothandlers.code.tex
File: pgflibraryplothandlers.code.tex 2020/12/27 v3.1.8b (3.1.8b)
\pgf@plot@mark@count=\count325
\pgfplotmarksize=\dimen289
)
\tikz@lastx=\dimen290
\tikz@lasty=\dimen291
\tikz@lastxsaved=\dimen292
\tikz@lastysaved=\dimen293
\tikz@lastmovetox=\dimen294
\tikz@lastmovetoy=\dimen295
\tikzleveldistance=\dimen296
\tikzsiblingdistance=\dimen297
\tikz@figbox=\box107
\tikz@figbox@bg=\box108
\tikz@tempbox=\box109
\tikz@tempbox@bg=\box110
\tikztreelevel=\count326
\tikznumberofchildren=\count327
\tikznumberofcurrentchild=\count328
\tikz@fig@count=\count329

(c:/Users/ludam/progPerso/texlive/2020/texmf-dist/tex/generic/pgf/modules/pgfmo
dulematrix.code.tex
File: pgfmodulematrix.code.tex 2020/12/27 v3.1.8b (3.1.8b)
\pgfmatrixcurrentrow=\count330
\pgfmatrixcurrentcolumn=\count331
\pgf@matrix@numberofcolumns=\count332
)
\tikz@expandcount=\count333

(c:/Users/ludam/progPerso/texlive/2020/texmf-dist/tex/generic/pgf/frontendlayer
/tikz/libraries/tikzlibrarytopaths.code.tex
File: tikzlibrarytopaths.code.tex 2020/12/27 v3.1.8b (3.1.8b)
)))
(c:/Users/ludam/progPerso/texlive/2020/texmf-dist/tex/latex/mdframed/mdframed.s
ty
Package: mdframed 2013/07/01 1.9b: mdframed

(c:/Users/ludam/progPerso/texlive/2020/texmf-dist/tex/latex/l3packages/xparse/x
parse.sty
(c:/Users/ludam/progPerso/texlive/2020/texmf-dist/tex/latex/l3kernel/expl3.sty
Package: expl3 2021-02-18 L3 programming layer (loader) 

(c:/Users/ludam/progPerso/texlive/2020/texmf-dist/tex/latex/l3backend/l3backend
-pdftex.def
File: l3backend-pdftex.def 2021-03-02 L3 backend support: PDF output (pdfTeX)
\l__color_backend_stack_int=\count334
\l__pdf_internal_box=\box111
))
(c:/Users/ludam/progPerso/texlive/2020/texmf-dist/tex/latex/l3packages/xparse/x
parse-2020-10-01.sty
(c:/Users/ludam/progPerso/texlive/2020/texmf-dist/tex/latex/l3packages/xparse/x
parse-generic.tex)))
(c:/Users/ludam/progPerso/texlive/2020/texmf-dist/tex/latex/zref/zref-abspage.s
ty
Package: zref-abspage 2020-07-03 v2.32 Module abspage for zref (HO)

(c:/Users/ludam/progPerso/texlive/2020/texmf-dist/tex/latex/zref/zref-base.sty
Package: zref-base 2020-07-03 v2.32 Module base for zref (HO)
Package zref Info: New property list: main on input line 764.
Package zref Info: New property: default on input line 765.
Package zref Info: New property: page on input line 766.
)
\c@abspage=\count335
Package zref Info: New property: abspage on input line 66.
)
(c:/Users/ludam/progPerso/texlive/2020/texmf-dist/tex/latex/needspace/needspace
.sty
Package: needspace 2010/09/12 v1.3d reserve vertical space
)
\mdf@templength=\skip74
\c@mdf@globalstyle@cnt=\count336
\mdf@skipabove@length=\skip75
\mdf@skipbelow@length=\skip76
\mdf@leftmargin@length=\skip77
\mdf@rightmargin@length=\skip78
\mdf@innerleftmargin@length=\skip79
\mdf@innerrightmargin@length=\skip80
\mdf@innertopmargin@length=\skip81
\mdf@innerbottommargin@length=\skip82
\mdf@splittopskip@length=\skip83
\mdf@splitbottomskip@length=\skip84
\mdf@outermargin@length=\skip85
\mdf@innermargin@length=\skip86
\mdf@linewidth@length=\skip87
\mdf@innerlinewidth@length=\skip88
\mdf@middlelinewidth@length=\skip89
\mdf@outerlinewidth@length=\skip90
\mdf@roundcorner@length=\skip91
\mdf@footenotedistance@length=\skip92
\mdf@userdefinedwidth@length=\skip93
\mdf@needspace@length=\skip94
\mdf@frametitleaboveskip@length=\skip95
\mdf@frametitlebelowskip@length=\skip96
\mdf@frametitlerulewidth@length=\skip97
\mdf@frametitleleftmargin@length=\skip98
\mdf@frametitlerightmargin@length=\skip99
\mdf@shadowsize@length=\skip100
\mdf@extratopheight@length=\skip101
\mdf@subtitleabovelinewidth@length=\skip102
\mdf@subtitlebelowlinewidth@length=\skip103
\mdf@subtitleaboveskip@length=\skip104
\mdf@subtitlebelowskip@length=\skip105
\mdf@subtitleinneraboveskip@length=\skip106
\mdf@subtitleinnerbelowskip@length=\skip107
\mdf@subsubtitleabovelinewidth@length=\skip108
\mdf@subsubtitlebelowlinewidth@length=\skip109
\mdf@subsubtitleaboveskip@length=\skip110
\mdf@subsubtitlebelowskip@length=\skip111
\mdf@subsubtitleinneraboveskip@length=\skip112
\mdf@subsubtitleinnerbelowskip@length=\skip113

(c:/Users/ludam/progPerso/texlive/2020/texmf-dist/tex/latex/mdframed/md-frame-1
.mdf
File: md-frame-1.mdf 2013/07/01\ 1.9b: md-frame-1
)
\mdf@frametitlebox=\box112
\mdf@footnotebox=\box113
\mdf@splitbox@one=\box114
\mdf@splitbox@two=\box115
\mdf@splitbox@save=\box116
\mdfsplitboxwidth=\skip114
\mdfsplitboxtotalwidth=\skip115
\mdfsplitboxheight=\skip116
\mdfsplitboxdepth=\skip117
\mdfsplitboxtotalheight=\skip118
\mdfframetitleboxwidth=\skip119
\mdfframetitleboxtotalwidth=\skip120
\mdfframetitleboxheight=\skip121
\mdfframetitleboxdepth=\skip122
\mdfframetitleboxtotalheight=\skip123
\mdffootnoteboxwidth=\skip124
\mdffootnoteboxtotalwidth=\skip125
\mdffootnoteboxheight=\skip126
\mdffootnoteboxdepth=\skip127
\mdffootnoteboxtotalheight=\skip128
\mdftotallinewidth=\skip129
\mdfboundingboxwidth=\skip130
\mdfboundingboxtotalwidth=\skip131
\mdfboundingboxheight=\skip132
\mdfboundingboxdepth=\skip133
\mdfboundingboxtotalheight=\skip134
\mdf@freevspace@length=\skip135
\mdf@horizontalwidthofbox@length=\skip136
\mdf@verticalmarginwhole@length=\skip137
\mdf@horizontalspaceofbox=\skip138
\mdfsubtitleheight=\skip139
\mdfsubsubtitleheight=\skip140
\c@mdfcountframes=\count337

****** mdframed patching \endmdf@trivlist

****** -- success******

\mdf@envdepth=\count338
\c@mdf@env@i=\count339
\c@mdf@env@ii=\count340
\c@mdf@zref@counter=\count341
Package zref Info: New property: mdf@pagevalue on input line 895.
)
(c:/Users/ludam/progPerso/texlive/2020/texmf-dist/tex/generic/pgf/frontendlayer
/tikz/libraries/tikzlibraryshadows.code.tex
File: tikzlibraryshadows.code.tex 2020/12/27 v3.1.8b (3.1.8b)

(c:/Users/ludam/progPerso/texlive/2020/texmf-dist/tex/generic/pgf/frontendlayer
/tikz/libraries/tikzlibraryfadings.code.tex
File: tikzlibraryfadings.code.tex 2020/12/27 v3.1.8b (3.1.8b)

(c:/Users/ludam/progPerso/texlive/2020/texmf-dist/tex/generic/pgf/libraries/pgf
libraryfadings.code.tex
File: pgflibraryfadings.code.tex 2020/12/27 v3.1.8b (3.1.8b)
)))
(c:/Users/ludam/progPerso/texlive/2020/texmf-dist/tex/generic/pgf/frontendlayer
/tikz/libraries/tikzlibrarydecorations.pathmorphing.code.tex
(c:/Users/ludam/progPerso/texlive/2020/texmf-dist/tex/generic/pgf/frontendlayer
/tikz/libraries/tikzlibrarydecorations.code.tex
(c:/Users/ludam/progPerso/texlive/2020/texmf-dist/tex/generic/pgf/modules/pgfmo
duledecorations.code.tex
\pgfdecoratedcompleteddistance=\dimen298
\pgfdecoratedremainingdistance=\dimen299
\pgfdecoratedinputsegmentcompleteddistance=\dimen300
\pgfdecoratedinputsegmentremainingdistance=\dimen301
\pgf@decorate@distancetomove=\dimen302
\pgf@decorate@repeatstate=\count342
\pgfdecorationsegmentamplitude=\dimen303
\pgfdecorationsegmentlength=\dimen304
)
\tikz@lib@dec@box=\box117
)
(c:/Users/ludam/progPerso/texlive/2020/texmf-dist/tex/generic/pgf/libraries/dec
orations/pgflibrarydecorations.pathmorphing.code.tex))
\c@bclogocompteur=\count343
\bcval@epBarre=\skip141
\bcval@framesep=\skip142
\bcval@tailleOndu=\skip143
\bcval@borderWidth=\skip144
\bcval@margeG=\skip145
\bcval@margeD=\skip146
\bc@envbox=\box118
)
\c@definition=\count344
\c@theoreme=\count345
\c@deftheo=\count346
\c@proposition=\count347
\c@lemme=\count348
\c@corollaire=\count349
)
LaTeX Font Info:    Trying to load font information for T1+FiraSans-OsF on inpu
t line 19.

(c:/Users/ludam/progPerso/texlive/2020/texmf-dist/tex/latex/fira/T1FiraSans-OsF
.fd
File: T1FiraSans-OsF.fd 2019/10/10 (autoinst) Font definitions for T1/FiraSans-
OsF.
)
LaTeX Font Info:    Font shape `T1/FiraSans-OsF/m/n' in size <10.95> not availa
ble
(Font)              Font shape `T1/FiraSans-OsF/regular/n' tried instead on inp
ut line 19.
LaTeX Font Info:    Font shape `T1/FiraSans-OsF/regular/n' will be
(Font)              scaled to size 10.95pt on input line 19.
 (./rapport_final_groupe9.aux)
\openout1 = `rapport_final_groupe9.aux'.

LaTeX Font Info:    Checking defaults for OML/ntxmi/m/it on input line 19.
LaTeX Font Info:    Trying to load font information for OML+ntxmi on input line
 19.

(c:/Users/ludam/progPerso/texlive/2020/texmf-dist/tex/latex/newtx/omlntxmi.fd
File: omlntxmi.fd 2015/08/25 Fontinst v1.933 font definitions for OML/ntxmi.
)
LaTeX Font Info:    ... okay on input line 19.
LaTeX Font Info:    Checking defaults for OMS/cmsy/m/n on input line 19.
LaTeX Font Info:    ... okay on input line 19.
LaTeX Font Info:    Checking defaults for OT1/cmr/m/n on input line 19.
LaTeX Font Info:    ... okay on input line 19.
LaTeX Font Info:    Checking defaults for T1/cmr/m/n on input line 19.
LaTeX Font Info:    ... okay on input line 19.
LaTeX Font Info:    Checking defaults for TS1/cmr/m/n on input line 19.
LaTeX Font Info:    ... okay on input line 19.
LaTeX Font Info:    Checking defaults for OMX/cmex/m/n on input line 19.
LaTeX Font Info:    ... okay on input line 19.
LaTeX Font Info:    Checking defaults for U/ntxexa/m/n on input line 19.
LaTeX Font Info:    Trying to load font information for U+ntxexa on input line 
19.

(c:/Users/ludam/progPerso/texlive/2020/texmf-dist/tex/latex/newtx/untxexa.fd
File: untxexa.fd 2012/04/16 Fontinst v1.933 font definitions for U/ntxexa.
)
LaTeX Font Info:    ... okay on input line 19.
LaTeX Font Info:    Checking defaults for LMS/ntxsy/m/n on input line 19.
LaTeX Font Info:    Trying to load font information for LMS+ntxsy on input line
 19.

(c:/Users/ludam/progPerso/texlive/2020/texmf-dist/tex/latex/newtx/lmsntxsy.fd
File: lmsntxsy.fd 2016/07/02 Fontinst v1.933 font definitions for LMS/ntxsy.
)
LaTeX Font Info:    ... okay on input line 19.
LaTeX Font Info:    Checking defaults for LMX/ntxexx/m/n on input line 19.
LaTeX Font Info:    Trying to load font information for LMX+ntxexx on input lin
e 19.

(c:/Users/ludam/progPerso/texlive/2020/texmf-dist/tex/latex/newtx/lmxntxexx.fd
File: lmxntxexx.fd 2016/07/03 Fontinst v1.933 font definitions for LMX/ntxexx.
)
LaTeX Font Info:    ... okay on input line 19.
LaTeX Font Info:    Checking defaults for PD1/pdf/m/n on input line 19.
LaTeX Font Info:    ... okay on input line 19.
LaTeX Font Info:    Checking defaults for PU/pdf/m/n on input line 19.
LaTeX Font Info:    ... okay on input line 19.
LaTeX Info: Redefining \degres on input line 19.
LaTeX Info: Redefining \dots on input line 19.
Package french.ldf Info: Setting StandardItemizeEnv=true for
(french.ldf)             compatibility with enumitem package,
(french.ldf)             reported on input line 19.
Package french.ldf Info: Setting StandardEnumerateEnv=true for
(french.ldf)             compatibility with enumitem package,
(french.ldf)             reported on input line 19.
LaTeX Info: Redefining \up on input line 19.
\c@lstlisting=\count350

(c:/Users/ludam/progPerso/texlive/2020/texmf-dist/tex/context/base/mkii/supp-pd
f.mkii
[Loading MPS to PDF converter (version 2006.09.02).]
\scratchcounter=\count351
\scratchdimen=\dimen305
\scratchbox=\box119
\nofMPsegments=\count352
\nofMParguments=\count353
\everyMPshowfont=\toks52
\MPscratchCnt=\count354
\MPscratchDim=\dimen306
\MPnumerator=\count355
\makeMPintoPDFobject=\count356
\everyMPtoPDFconversion=\toks53
)
(c:/Users/ludam/progPerso/texlive/2020/texmf-dist/tex/latex/epstopdf-pkg/epstop
df-base.sty
Package: epstopdf-base 2020-01-24 v2.11 Base part for package epstopdf
Package epstopdf-base Info: Redefining graphics rule for `.eps' on input line 4
85.

(c:/Users/ludam/progPerso/texlive/2020/texmf-dist/tex/latex/latexconfig/epstopd
f-sys.cfg
File: epstopdf-sys.cfg 2010/07/13 v1.3 Configuration of (r)epstopdf for TeX Liv
e
))
\c@mv@tabular=\count357
\c@mv@boldtabular=\count358
Package hyperref Info: Link coloring OFF on input line 19.

(c:/Users/ludam/progPerso/texlive/2020/texmf-dist/tex/latex/hyperref/nameref.st
y
Package: nameref 2021-04-02 v2.47 Cross-referencing by name of section

(c:/Users/ludam/progPerso/texlive/2020/texmf-dist/tex/latex/refcount/refcount.s
ty
Package: refcount 2019/12/15 v3.6 Data extraction from label references (HO)
)
(c:/Users/ludam/progPerso/texlive/2020/texmf-dist/tex/generic/gettitlestring/ge
ttitlestring.sty
Package: gettitlestring 2019/12/15 v1.6 Cleanup title references (HO)
)
\c@section@level=\count359
)
LaTeX Info: Redefining \ref on input line 19.
LaTeX Info: Redefining \pageref on input line 19.
LaTeX Info: Redefining \nameref on input line 19.
 (./rapport_final_groupe9.out) (./rapport_final_groupe9.out)
\@outlinefile=\write4
\openout4 = `rapport_final_groupe9.out'.


*geometry* driver: auto-detecting
*geometry* detected driver: pdftex
*geometry* verbose mode - [ preamble ] result:
* driver: pdftex
* paper: a4paper
* layout: <same size as paper>
* layoutoffset:(h,v)=(0.0pt,0.0pt)
* modes: 
* h-part:(L,W,R)=(56.9055pt, 483.69687pt, 56.9055pt)
* v-part:(T,H,B)=(56.9055pt, 731.23584pt, 56.9055pt)
* \paperwidth=597.50787pt
* \paperheight=845.04684pt
* \textwidth=483.69687pt
* \textheight=731.23584pt
* \oddsidemargin=-15.36449pt
* \evensidemargin=-15.36449pt
* \topmargin=-52.36449pt
* \headheight=12.0pt
* \headsep=25.0pt
* \topskip=11.0pt
* \footskip=30.0pt
* \marginparwidth=50.0pt
* \marginparsep=10.0pt
* \columnsep=10.0pt
* \skip\footins=10.0pt plus 4.0pt minus 2.0pt
* \hoffset=0.0pt
* \voffset=0.0pt
* \mag=1000
* \@twocolumnfalse
* \@twosidefalse
* \@mparswitchfalse
* \@reversemarginfalse
* (1in=72.27pt=25.4mm, 1cm=28.453pt)

Package lastpage Info: Please have a look at the pageslts package at
(lastpage)             https://www.ctan.org/pkg/pageslts
(lastpage)             ! on input line 19.
LaTeX Font Info:    Font shape `T1/FiraSans-OsF/m/n' in size <20.74> not availa
ble
(Font)              Font shape `T1/FiraSans-OsF/regular/n' tried instead on inp
ut line 20.
LaTeX Font Info:    Font shape `T1/FiraSans-OsF/regular/n' will be
(Font)              scaled to size 20.74pt on input line 20.
LaTeX Font Info:    Font shape `T1/FiraSans-OsF/b/n' in size <20.74> not availa
ble
(Font)              Font shape `T1/FiraSans-OsF/bold/n' tried instead on input 
line 21.
LaTeX Font Info:    Font shape `T1/FiraSans-OsF/bold/n' will be
(Font)              scaled to size 20.74pt on input line 21.

LaTeX Font Warning: Font shape `OT1/cmr/m/n' in size <16.1> not available
(Font)              size <17.28> substituted on input line 21.


LaTeX Font Warning: Font shape `OT1/cmr/m/n' in size <11.4> not available
(Font)              size <10.95> substituted on input line 21.

LaTeX Font Info:    Trying to load font information for U+msa on input line 21.

(c:/Users/ludam/progPerso/texlive/2020/texmf-dist/tex/latex/amsfonts/umsa.fd
File: umsa.fd 2013/01/14 v3.01 AMS symbols A
)
LaTeX Font Info:    Trying to load font information for U+msb on input line 21.


(c:/Users/ludam/progPerso/texlive/2020/texmf-dist/tex/latex/amsfonts/umsb.fd
File: umsb.fd 2013/01/14 v3.01 AMS symbols B
)
LaTeX Font Info:    Trying to load font information for U+stmry on input line 2
1.

(c:/Users/ludam/progPerso/texlive/2020/texmf-dist/tex/latex/stmaryrd/Ustmry.fd)

LaTeX Font Warning: Font shape `U/stmry/m/n' in size <16.1> not available
(Font)              size <17.28> substituted on input line 21.


LaTeX Font Warning: Font shape `U/stmry/m/n' in size <11.4> not available
(Font)              size <10.95> substituted on input line 21.

LaTeX Font Info:    Trying to load font information for U+ntxmia on input line 
21.
(c:/Users/ludam/progPerso/texlive/2020/texmf-dist/tex/latex/newtx/untxmia.fd
File: untxmia.fd 2018/04/14 Fontinst v1.933 font definitions for U/ntxmia.
)
LaTeX Font Info:    Trying to load font information for U+ntxsym on input line 
21.

(c:/Users/ludam/progPerso/texlive/2020/texmf-dist/tex/latex/newtx/untxsym.fd
File: untxsym.fd 2015/03/20 Fontinst v1.933 font definitions for U/ntxsym.
)
LaTeX Font Info:    Trying to load font information for U+ntxsyc on input line 
21.

(c:/Users/ludam/progPerso/texlive/2020/texmf-dist/tex/latex/newtx/untxsyc.fd
File: untxsyc.fd 2012/04/12 Fontinst v1.933 font definitions for U/ntxsyc.
)
LaTeX Font Info:    Font shape `T1/FiraSans-OsF/m/n' in size <14.4> not availab
le
(Font)              Font shape `T1/FiraSans-OsF/regular/n' tried instead on inp
ut line 24.
LaTeX Font Info:    Font shape `T1/FiraSans-OsF/regular/n' will be
(Font)              scaled to size 14.4pt on input line 24.

Underfull \hbox (badness 10000) in paragraph at lines 21--31

 []


Underfull \hbox (badness 10000) in paragraph at lines 21--31

 []


Underfull \hbox (badness 10000) in paragraph at lines 21--31

 []


(c:/Users/ludam/progPerso/texlive/2020/texmf-dist/tex/latex/listings/lstlang1.s
ty
File: lstlang1.sty 2020/03/24 1.8d listings language file
)
(c:/Users/ludam/progPerso/texlive/2020/texmf-dist/tex/latex/listings/lstlang2.s
ty
File: lstlang2.sty 2020/03/24 1.8d listings language file
)
(c:/Users/ludam/progPerso/texlive/2020/texmf-dist/tex/latex/listings/lstmisc.st
y
File: lstmisc.sty 2020/03/24 1.8d (Carsten Heinz)
)
LaTeX Font Info:    Font shape `T1/FiraSans-OsF/b/n' in size <14.4> not availab
le
(Font)              Font shape `T1/FiraSans-OsF/bold/n' tried instead on input 
line 35.
LaTeX Font Info:    Font shape `T1/FiraSans-OsF/bold/n' will be
(Font)              scaled to size 14.4pt on input line 35.
 (./rapport_final_groupe9.toc
LaTeX Font Info:    Font shape `T1/FiraSans-OsF/b/n' in size <10.95> not availa
ble
(Font)              Font shape `T1/FiraSans-OsF/bold/n' tried instead on input 
line 2.
LaTeX Font Info:    Font shape `T1/FiraSans-OsF/bold/n' will be
(Font)              scaled to size 10.95pt on input line 2.
)
\tf@toc=\write5
\openout5 = `rapport_final_groupe9.toc'.

LaTeX Font Info:    Font shape `T1/FiraSans-OsF/m/n' in size <12> not available

(Font)              Font shape `T1/FiraSans-OsF/regular/n' tried instead on inp
ut line 40.
LaTeX Font Info:    Font shape `T1/FiraSans-OsF/regular/n' will be
(Font)              scaled to size 12.0pt on input line 40.
LaTeX Font Info:    Font shape `T1/FiraSans-OsF/b/n' in size <12> not available

(Font)              Font shape `T1/FiraSans-OsF/bold/n' tried instead on input 
line 40.
LaTeX Font Info:    Font shape `T1/FiraSans-OsF/bold/n' will be
(Font)              scaled to size 12.0pt on input line 40.
 [1

{c:/Users/ludam/progPerso/texlive/2020/texmf-var/fonts/map/pdftex/updmap/pdftex
.map}]
Package hyperref Info: bookmark level for unknown bclogo defaults to 0 on input
 line 77.
File: bc-info.mps Graphic file (type mps)
 [MP to PDF]
(c:/Users/ludam/progPerso/texlive/2020/texmf-dist/tex/latex/bclogo/bc-info.mps)
LaTeX Font Info:    Font shape `T1/FiraSans-OsF/m/it' in size <10.95> not avail
able
(Font)              Font shape `T1/FiraSans-OsF/regular/it' tried instead on in
put line 77.
LaTeX Font Info:    Font shape `T1/FiraSans-OsF/regular/it' will be
(Font)              scaled to size 10.95pt on input line 77.
[2]
Package mdframed Info: mdframed detected package amsthm 
 changed the theorem header of amsthm
(mdframed)              on input line 77.
<mesure-jitsi-off.png, id=94, 365.365pt x 435.6275pt>
File: mesure-jitsi-off.png Graphic file (type png)
<use mesure-jitsi-off.png>
Package pdftex.def Info: mesure-jitsi-off.png  used on input line 84.
(pdftex.def)             Requested size: 219.22069pt x 261.37851pt.
LaTeX Font Info:    Font shape `T1/FiraSans-OsF/m/sc' in size <10.95> not avail
able
(Font)              Font shape `T1/FiraSans-OsF/regular/sc' tried instead on in
put line 85.
LaTeX Font Info:    Font shape `T1/FiraSans-OsF/regular/sc' will be
(Font)              scaled to size 10.95pt on input line 85.
 
AED: lastpage setting LastPage
[3 <./mesure-jitsi-off.png>] (./rapport_final_groupe9.aux)

LaTeX Font Warning: Size substitutions with differences
(Font)              up to 1.18pt have occurred.


LaTeX Warning: Label(s) may have changed. Rerun to get cross-references right.

Package rerunfilecheck Info: File `rapport_final_groupe9.out' has not changed.
(rerunfilecheck)             Checksum: 9A2716930F572E7F23DAEFBBFA9FF282;1039.
 ) 
Here is how much of TeX's memory you used:
 28803 strings out of 480845
 509189 string characters out of 5900390
 996244 words of memory out of 5000000
 45469 multiletter control sequences out of 15000+600000
 585667 words of font info for 142 fonts, out of 8000000 for 9000
 36 hyphenation exceptions out of 8191
 107i,13n,106p,572b,1350s stack positions out of 5000i,500n,10000p,200000b,80000s
{c:/Users/ludam/progPerso/texlive/2020/texmf-dist/fonts/enc/dvips/fira/fir_2m
fh3o.enc}{c:/Users/ludam/progPerso/texlive/2020/texmf-dist/fonts/enc/dvips/fira
/fir_iln36p.enc}<c:/Users/ludam/progPerso/texlive/2020/texmf-dist/fonts/type1/p
ublic/fira/FiraSans-Bold.pfb><c:/Users/ludam/progPerso/texlive/2020/texmf-dist/
fonts/type1/public/fira/FiraSans-Italic.pfb><c:/Users/ludam/progPerso/texlive/2
020/texmf-dist/fonts/type1/public/fira/FiraSans-Regular.pfb>
Output written on rapport_final_groupe9.pdf (3 pages, 262654 bytes).
PDF statistics:
 129 PDF objects out of 1000 (max. 8388607)
 98 compressed objects within 1 object stream
 18 named destinations out of 1000 (max. 500000)
 194 words of extra memory for PDF output out of 10000 (max. 10000000)

